;  LST file generated by mikroListExporter - v.2.0 
; Date/Time: 12/9/2024 11:24:40 AM
;----------------------------------------------

;Address Opcode 	ASM
0x0000	0x2C77      	GOTO       1143
_interrupt:
0x0004	0x00FF      	MOVWF      R15
0x0005	0x0E03      	SWAPF      STATUS, 0
0x0006	0x0183      	CLRF       STATUS
0x0007	0x1683      	BSF        STATUS, 5
0x0008	0x00DC      	MOVWF      ___saveSTATUS
0x0009	0x080A      	MOVF       PCLATH, 0
0x000A	0x00DB      	MOVWF      ___savePCLATH
0x000B	0x018A      	CLRF       PCLATH
0x000C	0x0870      	MOVF       R0, 0
0x000D	0x1283      	BCF        STATUS, 5
0x000E	0x00A1      	MOVWF      33
;seance2.c,158 :: 		void interrupt(){
;seance2.c,161 :: 		if(INTCON.INTF){
0x000F	0x1C8B      	BTFSS      INTCON, 1
0x0010	0x2817      	GOTO       L_interrupt20
;seance2.c,162 :: 		m=3;
0x0011	0x3003      	MOVLW      3
0x0012	0x1683      	BSF        STATUS, 5
0x0013	0x00D9      	MOVWF      _m
0x0014	0x3000      	MOVLW      0
0x0015	0x00DA      	MOVWF      _m+1
;seance2.c,163 :: 		INTCON.INTF=0;
0x0016	0x108B      	BCF        INTCON, 1
;seance2.c,164 :: 		}
L_interrupt20:
;seance2.c,165 :: 		if(INTCON.T0IF){
0x0017	0x1D0B      	BTFSS      INTCON, 2
0x0018	0x282D      	GOTO       L_interrupt21
;seance2.c,166 :: 		NB--;
0x0019	0x1683      	BSF        STATUS, 5
0x001A	0x3001      	MOVLW      1
0x001B	0x02CF      	SUBWF      _NB, 1
0x001C	0x1C03      	BTFSS      STATUS, 0
0x001D	0x03D0      	DECF       _NB+1, 1
;seance2.c,167 :: 		if(NB==0){
0x001E	0x3000      	MOVLW      0
0x001F	0x0650      	XORWF      _NB+1, 0
0x0020	0x1D03      	BTFSS      STATUS, 2
0x0021	0x2824      	GOTO       L__interrupt38
0x0022	0x3000      	MOVLW      0
0x0023	0x064F      	XORWF      _NB, 0
L__interrupt38:
0x0024	0x1D03      	BTFSS      STATUS, 2
0x0025	0x282C      	GOTO       L_interrupt22
;seance2.c,168 :: 		NB=183;
0x0026	0x30B7      	MOVLW      183
0x0027	0x00CF      	MOVWF      _NB
0x0028	0x01D0      	CLRF       _NB+1
;seance2.c,169 :: 		SetHigh(redLED);
0x0029	0x1283      	BCF        STATUS, 5
0x002A	0x1787      	BSF        RC7_bit, BitPos(RC7_bit+0)
;seance2.c,170 :: 		INTCON.T0IE=0;
0x002B	0x128B      	BCF        INTCON, 5
;seance2.c,171 :: 		}
L_interrupt22:
;seance2.c,172 :: 		INTCON.T0IF=0;}
0x002C	0x110B      	BCF        INTCON, 2
L_interrupt21:
;seance2.c,173 :: 		if(INTCON.RBIF){
0x002D	0x1C0B      	BTFSS      INTCON, 0
0x002E	0x2841      	GOTO       L_interrupt23
;seance2.c,174 :: 		if(niveau==1){
0x002F	0x1283      	BCF        STATUS, 5
0x0030	0x1E86      	BTFSS      RB5_bit, BitPos(RB5_bit+0)
0x0031	0x2838      	GOTO       L_interrupt24
;seance2.c,175 :: 		m=1;
0x0032	0x3001      	MOVLW      1
0x0033	0x1683      	BSF        STATUS, 5
0x0034	0x00D9      	MOVWF      _m
0x0035	0x3000      	MOVLW      0
0x0036	0x00DA      	MOVWF      _m+1
;seance2.c,177 :: 		INTCON.T0IE=1;
0x0037	0x168B      	BSF        INTCON, 5
;seance2.c,178 :: 		}
L_interrupt24:
;seance2.c,180 :: 		if(lumin==0){
0x0038	0x1283      	BCF        STATUS, 5
0x0039	0x1B06      	BTFSC      RB6_bit, BitPos(RB6_bit+0)
0x003A	0x2840      	GOTO       L_interrupt25
;seance2.c,181 :: 		m=2;
0x003B	0x3002      	MOVLW      2
0x003C	0x1683      	BSF        STATUS, 5
0x003D	0x00D9      	MOVWF      _m
0x003E	0x3000      	MOVLW      0
0x003F	0x00DA      	MOVWF      _m+1
;seance2.c,182 :: 		}
L_interrupt25:
;seance2.c,183 :: 		INTCON.RBIF=0;
0x0040	0x100B      	BCF        INTCON, 0
;seance2.c,184 :: 		}}
L_interrupt23:
L_end_interrupt:
L__interrupt37:
0x0041	0x1283      	BCF        STATUS, 5
0x0042	0x0821      	MOVF       33, 0
0x0043	0x00F0      	MOVWF      R0
0x0044	0x1683      	BSF        STATUS, 5
0x0045	0x085B      	MOVF       ___savePCLATH, 0
0x0046	0x008A      	MOVWF      PCLATH
0x0047	0x0E5C      	SWAPF      ___saveSTATUS, 0
0x0048	0x0083      	MOVWF      STATUS
0x0049	0x0EFF      	SWAPF      R15, 1
0x004A	0x0E7F      	SWAPF      R15, 0
0x004B	0x0009      	RETFIE
; end of _interrupt
_Delay_1us:
;__Lib_Delays.c,7 :: 		void Delay_1us() {
;__Lib_Delays.c,8 :: 		Delay_us(1);
0x004C	0x0000      	NOP
0x004D	0x0000      	NOP
;__Lib_Delays.c,9 :: 		}
L_end_Delay_1us:
0x004E	0x0008      	RETURN
; end of _Delay_1us
_Delay_50us:
;__Lib_Delays.c,19 :: 		void Delay_50us() {
;__Lib_Delays.c,20 :: 		Delay_us(50);
0x004F	0x3021      	MOVLW      33
0x0050	0x1283      	BCF        STATUS, 5
0x0051	0x1303      	BCF        STATUS, 6
0x0052	0x00FD      	MOVWF      R13
L_Delay_50us2:
0x0053	0x0BFD      	DECFSZ     R13, 1
0x0054	0x2853      	GOTO       L_Delay_50us2
;__Lib_Delays.c,21 :: 		}
L_end_Delay_50us:
0x0055	0x0008      	RETURN
; end of _Delay_50us
_Delay_5500us:
;__Lib_Delays.c,31 :: 		void Delay_5500us() {
;__Lib_Delays.c,32 :: 		Delay_us(5500);
0x0056	0x300F      	MOVLW      15
0x0057	0x1283      	BCF        STATUS, 5
0x0058	0x1303      	BCF        STATUS, 6
0x0059	0x00FC      	MOVWF      R12
0x005A	0x3047      	MOVLW      71
0x005B	0x00FD      	MOVWF      R13
L_Delay_5500us5:
0x005C	0x0BFD      	DECFSZ     R13, 1
0x005D	0x285C      	GOTO       L_Delay_5500us5
0x005E	0x0BFC      	DECFSZ     R12, 1
0x005F	0x285C      	GOTO       L_Delay_5500us5
0x0060	0x0000      	NOP
0x0061	0x0000      	NOP
;__Lib_Delays.c,33 :: 		}
L_end_Delay_5500us:
0x0062	0x0008      	RETURN
; end of _Delay_5500us
_Lcd_Cmd:
;__Lib_Lcd.c,18 :: 		
;__Lib_Lcd.c,20 :: 		
0x0063	0x1283      	BCF        STATUS, 5
0x0064	0x1703      	BSF        STATUS, 6
0x0065	0x1B90      	BTFSC      FARG_Lcd_Cmd_out_char, 7
0x0066	0x286A      	GOTO       L__Lcd_Cmd21
0x0067	0x1303      	BCF        STATUS, 6
0x0068	0x1388      	BCF        LCD_D7, BitPos(LCD_D7+0)
0x0069	0x286C      	GOTO       L__Lcd_Cmd22
L__Lcd_Cmd21:
0x006A	0x1303      	BCF        STATUS, 6
0x006B	0x1788      	BSF        LCD_D7, BitPos(LCD_D7+0)
L__Lcd_Cmd22:
;__Lib_Lcd.c,21 :: 		
0x006C	0x1703      	BSF        STATUS, 6
0x006D	0x1B10      	BTFSC      FARG_Lcd_Cmd_out_char, 6
0x006E	0x2872      	GOTO       L__Lcd_Cmd23
0x006F	0x1303      	BCF        STATUS, 6
0x0070	0x1308      	BCF        LCD_D6, BitPos(LCD_D6+0)
0x0071	0x2874      	GOTO       L__Lcd_Cmd24
L__Lcd_Cmd23:
0x0072	0x1303      	BCF        STATUS, 6
0x0073	0x1708      	BSF        LCD_D6, BitPos(LCD_D6+0)
L__Lcd_Cmd24:
;__Lib_Lcd.c,22 :: 		
0x0074	0x1703      	BSF        STATUS, 6
0x0075	0x1A90      	BTFSC      FARG_Lcd_Cmd_out_char, 5
0x0076	0x287A      	GOTO       L__Lcd_Cmd25
0x0077	0x1303      	BCF        STATUS, 6
0x0078	0x1288      	BCF        LCD_D5, BitPos(LCD_D5+0)
0x0079	0x287C      	GOTO       L__Lcd_Cmd26
L__Lcd_Cmd25:
0x007A	0x1303      	BCF        STATUS, 6
0x007B	0x1688      	BSF        LCD_D5, BitPos(LCD_D5+0)
L__Lcd_Cmd26:
;__Lib_Lcd.c,23 :: 		
0x007C	0x1703      	BSF        STATUS, 6
0x007D	0x1A10      	BTFSC      FARG_Lcd_Cmd_out_char, 4
0x007E	0x2882      	GOTO       L__Lcd_Cmd27
0x007F	0x1303      	BCF        STATUS, 6
0x0080	0x1208      	BCF        LCD_D4, BitPos(LCD_D4+0)
0x0081	0x2884      	GOTO       L__Lcd_Cmd28
L__Lcd_Cmd27:
0x0082	0x1303      	BCF        STATUS, 6
0x0083	0x1608      	BSF        LCD_D4, BitPos(LCD_D4+0)
L__Lcd_Cmd28:
;__Lib_Lcd.c,25 :: 		
0x0084	0x1683      	BSF        STATUS, 5
0x0085	0x1855      	BTFSC      __Lib_Lcd_cmd_status, BitPos(__Lib_Lcd_cmd_status+0)
0x0086	0x288A      	GOTO       L__Lcd_Cmd29
0x0087	0x1283      	BCF        STATUS, 5
0x0088	0x1508      	BSF        LCD_RS, BitPos(LCD_RS+0)
0x0089	0x288C      	GOTO       L__Lcd_Cmd30
L__Lcd_Cmd29:
0x008A	0x1283      	BCF        STATUS, 5
0x008B	0x1108      	BCF        LCD_RS, BitPos(LCD_RS+0)
L__Lcd_Cmd30:
;__Lib_Lcd.c,28 :: 		
0x008C	0x1588      	BSF        LCD_EN, BitPos(LCD_EN+0)
;__Lib_Lcd.c,29 :: 		
0x008D	0x204C      	CALL       _Delay_1us
;__Lib_Lcd.c,30 :: 		
0x008E	0x1188      	BCF        LCD_EN, BitPos(LCD_EN+0)
;__Lib_Lcd.c,33 :: 		
0x008F	0x1703      	BSF        STATUS, 6
0x0090	0x1990      	BTFSC      FARG_Lcd_Cmd_out_char, 3
0x0091	0x2895      	GOTO       L__Lcd_Cmd31
0x0092	0x1303      	BCF        STATUS, 6
0x0093	0x1388      	BCF        LCD_D7, BitPos(LCD_D7+0)
0x0094	0x2897      	GOTO       L__Lcd_Cmd32
L__Lcd_Cmd31:
0x0095	0x1303      	BCF        STATUS, 6
0x0096	0x1788      	BSF        LCD_D7, BitPos(LCD_D7+0)
L__Lcd_Cmd32:
;__Lib_Lcd.c,34 :: 		
0x0097	0x1703      	BSF        STATUS, 6
0x0098	0x1910      	BTFSC      FARG_Lcd_Cmd_out_char, 2
0x0099	0x289D      	GOTO       L__Lcd_Cmd33
0x009A	0x1303      	BCF        STATUS, 6
0x009B	0x1308      	BCF        LCD_D6, BitPos(LCD_D6+0)
0x009C	0x289F      	GOTO       L__Lcd_Cmd34
L__Lcd_Cmd33:
0x009D	0x1303      	BCF        STATUS, 6
0x009E	0x1708      	BSF        LCD_D6, BitPos(LCD_D6+0)
L__Lcd_Cmd34:
;__Lib_Lcd.c,35 :: 		
0x009F	0x1703      	BSF        STATUS, 6
0x00A0	0x1890      	BTFSC      FARG_Lcd_Cmd_out_char, 1
0x00A1	0x28A5      	GOTO       L__Lcd_Cmd35
0x00A2	0x1303      	BCF        STATUS, 6
0x00A3	0x1288      	BCF        LCD_D5, BitPos(LCD_D5+0)
0x00A4	0x28A7      	GOTO       L__Lcd_Cmd36
L__Lcd_Cmd35:
0x00A5	0x1303      	BCF        STATUS, 6
0x00A6	0x1688      	BSF        LCD_D5, BitPos(LCD_D5+0)
L__Lcd_Cmd36:
;__Lib_Lcd.c,36 :: 		
0x00A7	0x1703      	BSF        STATUS, 6
0x00A8	0x1810      	BTFSC      FARG_Lcd_Cmd_out_char, 0
0x00A9	0x28AD      	GOTO       L__Lcd_Cmd37
0x00AA	0x1303      	BCF        STATUS, 6
0x00AB	0x1208      	BCF        LCD_D4, BitPos(LCD_D4+0)
0x00AC	0x28AF      	GOTO       L__Lcd_Cmd38
L__Lcd_Cmd37:
0x00AD	0x1303      	BCF        STATUS, 6
0x00AE	0x1608      	BSF        LCD_D4, BitPos(LCD_D4+0)
L__Lcd_Cmd38:
;__Lib_Lcd.c,38 :: 		
0x00AF	0x1683      	BSF        STATUS, 5
0x00B0	0x1855      	BTFSC      __Lib_Lcd_cmd_status, BitPos(__Lib_Lcd_cmd_status+0)
0x00B1	0x28B5      	GOTO       L__Lcd_Cmd39
0x00B2	0x1283      	BCF        STATUS, 5
0x00B3	0x1508      	BSF        LCD_RS, BitPos(LCD_RS+0)
0x00B4	0x28B7      	GOTO       L__Lcd_Cmd40
L__Lcd_Cmd39:
0x00B5	0x1283      	BCF        STATUS, 5
0x00B6	0x1108      	BCF        LCD_RS, BitPos(LCD_RS+0)
L__Lcd_Cmd40:
;__Lib_Lcd.c,40 :: 		
0x00B7	0x1588      	BSF        LCD_EN, BitPos(LCD_EN+0)
;__Lib_Lcd.c,41 :: 		
0x00B8	0x204C      	CALL       _Delay_1us
;__Lib_Lcd.c,42 :: 		
0x00B9	0x1188      	BCF        LCD_EN, BitPos(LCD_EN+0)
;__Lib_Lcd.c,44 :: 		
0x00BA	0x1683      	BSF        STATUS, 5
0x00BB	0x1C55      	BTFSS      __Lib_Lcd_cmd_status, BitPos(__Lib_Lcd_cmd_status+0)
0x00BC	0x28BF      	GOTO       L_Lcd_Cmd0
;__Lib_Lcd.c,45 :: 		
0x00BD	0x2056      	CALL       _Delay_5500us
0x00BE	0x28C0      	GOTO       L_Lcd_Cmd1
L_Lcd_Cmd0:
;__Lib_Lcd.c,47 :: 		
0x00BF	0x204F      	CALL       _Delay_50us
L_Lcd_Cmd1:
;__Lib_Lcd.c,48 :: 		
L_end_Lcd_Cmd:
0x00C0	0x0008      	RETURN
; end of _Lcd_Cmd
_RES032:
;__Lib_MathDouble.c,123 :: 		
;__Lib_MathDouble.c,128 :: 		
0x00C1	0x01F2      	CLRF       R2
;__Lib_MathDouble.c,129 :: 		
0x00C2	0x01F1      	CLRF       R1
;__Lib_MathDouble.c,130 :: 		
0x00C3	0x01F0      	CLRF       R0
;__Lib_MathDouble.c,131 :: 		
0x00C4	0x01F8      	CLRF       R8
;__Lib_MathDouble.c,132 :: 		
0x00C5	0x01F3      	CLRF       R3
;__Lib_MathDouble.c,133 :: 		
0x00C6	0x3000      	MOVLW      0
;__Lib_MathDouble.c,135 :: 		
L_end_RES032:
0x00C7	0x0008      	RETURN
; end of _RES032
_SETFUN32:
;__Lib_MathDouble.c,138 :: 		
;__Lib_MathDouble.c,145 :: 		
0x00C8	0x157B      	BSF        R11, 2
;__Lib_MathDouble.c,146 :: 		
0x00C9	0x1FFB      	BTFSS      R11, 7
;__Lib_MathDouble.c,147 :: 		
0x00CA	0x28D2      	GOTO       SETFUN32EEE
;__Lib_MathDouble.c,148 :: 		
0x00CB	0x3001      	MOVLW      1
;__Lib_MathDouble.c,149 :: 		
0x00CC	0x00F3      	MOVWF      R3
;__Lib_MathDouble.c,150 :: 		
0x00CD	0x01F2      	CLRF       R2
;__Lib_MathDouble.c,151 :: 		
0x00CE	0x01F1      	CLRF       R1
;__Lib_MathDouble.c,152 :: 		
0x00CF	0x01F0      	CLRF       R0
;__Lib_MathDouble.c,153 :: 		
0x00D0	0x0DFA      	RLF        R10, 1
;__Lib_MathDouble.c,154 :: 		
0x00D1	0x0CF2      	RRF        R2, 1
;__Lib_MathDouble.c,155 :: 		
SETFUN32EEE:
;__Lib_MathDouble.c,156 :: 		
0x00D2	0x30FF      	MOVLW      255
;__Lib_MathDouble.c,158 :: 		
L_end_SETFUN32:
0x00D3	0x0008      	RETURN
; end of _SETFUN32
_FIXSIGN32:
;__Lib_MathDouble.c,112 :: 		
;__Lib_MathDouble.c,116 :: 		
0x00D4	0x1FFA      	BTFSS      R10, 7
;__Lib_MathDouble.c,117 :: 		
0x00D5	0x13F2      	BCF        R2, 7
;__Lib_MathDouble.c,118 :: 		
0x00D6	0x3000      	MOVLW      0
;__Lib_MathDouble.c,120 :: 		
L_end_FIXSIGN32:
0x00D7	0x0008      	RETURN
; end of _FIXSIGN32
_Div_16X16_U:
;__Lib_Math.c,215 :: 		
;__Lib_Math.c,222 :: 		
0x00D8	0x1283      	BCF        STATUS, 5
;__Lib_Math.c,223 :: 		
0x00D9	0x1303      	BCF        STATUS, 6
;__Lib_Math.c,224 :: 		
0x00DA	0x01F8      	CLRF       R8
;__Lib_Math.c,225 :: 		
0x00DB	0x01F9      	CLRF       R9
;__Lib_Math.c,226 :: 		
0x00DC	0x3010      	MOVLW      16
;__Lib_Math.c,227 :: 		
0x00DD	0x00FC      	MOVWF      R12
;__Lib_Math.c,228 :: 		
0x00DE	0x0D71      	RLF        R1, 0
;__Lib_Math.c,229 :: 		
0x00DF	0x0DF8      	RLF        R8, 1
;__Lib_Math.c,230 :: 		
0x00E0	0x0DF9      	RLF        R9, 1
;__Lib_Math.c,231 :: 		
0x00E1	0x0874      	MOVF       R4, 0
;__Lib_Math.c,232 :: 		
0x00E2	0x02F8      	SUBWF      R8, 1
;__Lib_Math.c,233 :: 		
0x00E3	0x0875      	MOVF       R5, 0
;__Lib_Math.c,234 :: 		
0x00E4	0x1C03      	BTFSS      STATUS, 0
;__Lib_Math.c,235 :: 		
0x00E5	0x0F75      	INCFSZ     R5, 0
;__Lib_Math.c,236 :: 		
0x00E6	0x02F9      	SUBWF      R9, 1
;__Lib_Math.c,237 :: 		
0x00E7	0x1803      	BTFSC      STATUS, 0
;__Lib_Math.c,238 :: 		
0x00E8	0x28F0      	GOTO       $+8
;__Lib_Math.c,239 :: 		
0x00E9	0x0874      	MOVF       R4, 0
;__Lib_Math.c,240 :: 		
0x00EA	0x07F8      	ADDWF      R8, 1
;__Lib_Math.c,241 :: 		
0x00EB	0x0875      	MOVF       R5, 0
;__Lib_Math.c,242 :: 		
0x00EC	0x1803      	BTFSC      STATUS, 0
;__Lib_Math.c,243 :: 		
0x00ED	0x0F75      	INCFSZ     R5, 0
;__Lib_Math.c,244 :: 		
0x00EE	0x07F9      	ADDWF      R9, 1
;__Lib_Math.c,245 :: 		
0x00EF	0x1003      	BCF        STATUS, 0
;__Lib_Math.c,246 :: 		
0x00F0	0x0DF0      	RLF        R0, 1
;__Lib_Math.c,247 :: 		
0x00F1	0x0DF1      	RLF        R1, 1
;__Lib_Math.c,248 :: 		
0x00F2	0x0BFC      	DECFSZ     R12, 1
;__Lib_Math.c,249 :: 		
0x00F3	0x28DE      	GOTO       $-21
;__Lib_Math.c,251 :: 		
L_end_Div_16X16_U:
0x00F4	0x0008      	RETURN
; end of _Div_16X16_U
_Lcd_Chr_CP:
;__Lib_Lcd.c,50 :: 		
;__Lib_Lcd.c,52 :: 		
0x00F5	0x1683      	BSF        STATUS, 5
0x00F6	0x1303      	BCF        STATUS, 6
0x00F7	0x1055      	BCF        __Lib_Lcd_cmd_status, BitPos(__Lib_Lcd_cmd_status+0)
;__Lib_Lcd.c,53 :: 		
0x00F8	0x086F      	MOVF       FARG_Lcd_Chr_CP_out_char, 0
0x00F9	0x1283      	BCF        STATUS, 5
0x00FA	0x1703      	BSF        STATUS, 6
0x00FB	0x0090      	MOVWF      FARG_Lcd_Cmd_out_char
0x00FC	0x2063      	CALL       _Lcd_Cmd
;__Lib_Lcd.c,54 :: 		
0x00FD	0x1683      	BSF        STATUS, 5
0x00FE	0x1455      	BSF        __Lib_Lcd_cmd_status, BitPos(__Lib_Lcd_cmd_status+0)
;__Lib_Lcd.c,55 :: 		
L_end_Lcd_Chr_CP:
0x00FF	0x0008      	RETURN
; end of _Lcd_Chr_CP
_WordToStr:
;__Lib_Conversions.c,98 :: 		
;__Lib_Conversions.c,103 :: 		
0x0100	0x1683      	BSF        STATUS, 5
0x0101	0x1303      	BCF        STATUS, 6
0x0102	0x01ED      	CLRF       WordToStr_len_L0
L_WordToStr11:
0x0103	0x3005      	MOVLW      5
0x0104	0x026D      	SUBWF      WordToStr_len_L0, 0
0x0105	0x1803      	BTFSC      STATUS, 0
0x0106	0x290E      	GOTO       L_WordToStr12
;__Lib_Conversions.c,104 :: 		
0x0107	0x086D      	MOVF       WordToStr_len_L0, 0
0x0108	0x076C      	ADDWF      FARG_WordToStr_output, 0
0x0109	0x0084      	MOVWF      FSR
0x010A	0x3020      	MOVLW      32
0x010B	0x0080      	MOVWF      INDF
;__Lib_Conversions.c,103 :: 		
0x010C	0x0AED      	INCF       WordToStr_len_L0, 1
;__Lib_Conversions.c,104 :: 		
0x010D	0x2903      	GOTO       L_WordToStr11
L_WordToStr12:
;__Lib_Conversions.c,105 :: 		
0x010E	0x086D      	MOVF       WordToStr_len_L0, 0
0x010F	0x076C      	ADDWF      FARG_WordToStr_output, 0
0x0110	0x0084      	MOVWF      FSR
0x0111	0x0180      	CLRF       INDF
0x0112	0x03ED      	DECF       WordToStr_len_L0, 1
;__Lib_Conversions.c,107 :: 		
L_WordToStr14:
;__Lib_Conversions.c,108 :: 		
0x0113	0x086D      	MOVF       WordToStr_len_L0, 0
0x0114	0x076C      	ADDWF      FARG_WordToStr_output, 0
0x0115	0x00EE      	MOVWF      FLOC__WordToStr
0x0116	0x300A      	MOVLW      10
0x0117	0x00F4      	MOVWF      R4
0x0118	0x01F5      	CLRF       R4+1
0x0119	0x086A      	MOVF       FARG_WordToStr_input, 0
0x011A	0x00F0      	MOVWF      R0
0x011B	0x086B      	MOVF       FARG_WordToStr_input+1, 0
0x011C	0x00F1      	MOVWF      R0+1
0x011D	0x20D8      	CALL       _Div_16X16_U
0x011E	0x0878      	MOVF       R8, 0
0x011F	0x00F0      	MOVWF      R0
0x0120	0x0879      	MOVF       R8+1, 0
0x0121	0x00F1      	MOVWF      R0+1
0x0122	0x3030      	MOVLW      48
0x0123	0x07F0      	ADDWF      R0, 1
0x0124	0x1683      	BSF        STATUS, 5
0x0125	0x086E      	MOVF       FLOC__WordToStr, 0
0x0126	0x0084      	MOVWF      FSR
0x0127	0x0870      	MOVF       R0, 0
0x0128	0x0080      	MOVWF      INDF
;__Lib_Conversions.c,109 :: 		
0x0129	0x300A      	MOVLW      10
0x012A	0x00F4      	MOVWF      R4
0x012B	0x01F5      	CLRF       R4+1
0x012C	0x086A      	MOVF       FARG_WordToStr_input, 0
0x012D	0x00F0      	MOVWF      R0
0x012E	0x086B      	MOVF       FARG_WordToStr_input+1, 0
0x012F	0x00F1      	MOVWF      R0+1
0x0130	0x20D8      	CALL       _Div_16X16_U
0x0131	0x0870      	MOVF       R0, 0
0x0132	0x1683      	BSF        STATUS, 5
0x0133	0x00EA      	MOVWF      FARG_WordToStr_input
0x0134	0x0871      	MOVF       R0+1, 0
0x0135	0x00EB      	MOVWF      FARG_WordToStr_input+1
;__Lib_Conversions.c,110 :: 		
0x0136	0x3000      	MOVLW      0
0x0137	0x0671      	XORWF      R0+1, 0
0x0138	0x1D03      	BTFSS      STATUS, 2
0x0139	0x293C      	GOTO       L__WordToStr159
0x013A	0x3000      	MOVLW      0
0x013B	0x0670      	XORWF      R0, 0
L__WordToStr159:
0x013C	0x1D03      	BTFSS      STATUS, 2
0x013D	0x293F      	GOTO       L_WordToStr16
;__Lib_Conversions.c,111 :: 		
0x013E	0x2941      	GOTO       L_WordToStr15
L_WordToStr16:
;__Lib_Conversions.c,112 :: 		
0x013F	0x03ED      	DECF       WordToStr_len_L0, 1
;__Lib_Conversions.c,113 :: 		
0x0140	0x2913      	GOTO       L_WordToStr14
L_WordToStr15:
;__Lib_Conversions.c,114 :: 		
L_end_WordToStr:
0x0141	0x0008      	RETURN
; end of _WordToStr
_Lcd_Out:
;__Lib_Lcd.c,184 :: 		
;__Lib_Lcd.c,187 :: 		
0x0142	0x2954      	GOTO       L_Lcd_Out11
;__Lib_Lcd.c,188 :: 		
L_Lcd_Out13:
0x0143	0x3080      	MOVLW      128
0x0144	0x1683      	BSF        STATUS, 5
0x0145	0x1303      	BCF        STATUS, 6
0x0146	0x00EA      	MOVWF      FARG_Lcd_Out_row
0x0147	0x2967      	GOTO       L_Lcd_Out12
;__Lib_Lcd.c,189 :: 		
L_Lcd_Out14:
0x0148	0x30C0      	MOVLW      192
0x0149	0x00EA      	MOVWF      FARG_Lcd_Out_row
0x014A	0x2967      	GOTO       L_Lcd_Out12
;__Lib_Lcd.c,190 :: 		
L_Lcd_Out15:
0x014B	0x3094      	MOVLW      148
0x014C	0x00EA      	MOVWF      FARG_Lcd_Out_row
0x014D	0x2967      	GOTO       L_Lcd_Out12
;__Lib_Lcd.c,191 :: 		
L_Lcd_Out16:
0x014E	0x30D4      	MOVLW      212
0x014F	0x00EA      	MOVWF      FARG_Lcd_Out_row
0x0150	0x2967      	GOTO       L_Lcd_Out12
;__Lib_Lcd.c,192 :: 		
L_Lcd_Out17:
0x0151	0x3080      	MOVLW      128
0x0152	0x00EA      	MOVWF      FARG_Lcd_Out_row
;__Lib_Lcd.c,193 :: 		
0x0153	0x2967      	GOTO       L_Lcd_Out12
L_Lcd_Out11:
0x0154	0x1683      	BSF        STATUS, 5
0x0155	0x1303      	BCF        STATUS, 6
0x0156	0x086A      	MOVF       FARG_Lcd_Out_row, 0
0x0157	0x3A01      	XORLW      1
0x0158	0x1903      	BTFSC      STATUS, 2
0x0159	0x2943      	GOTO       L_Lcd_Out13
0x015A	0x086A      	MOVF       FARG_Lcd_Out_row, 0
0x015B	0x3A02      	XORLW      2
0x015C	0x1903      	BTFSC      STATUS, 2
0x015D	0x2948      	GOTO       L_Lcd_Out14
0x015E	0x086A      	MOVF       FARG_Lcd_Out_row, 0
0x015F	0x3A03      	XORLW      3
0x0160	0x1903      	BTFSC      STATUS, 2
0x0161	0x294B      	GOTO       L_Lcd_Out15
0x0162	0x086A      	MOVF       FARG_Lcd_Out_row, 0
0x0163	0x3A04      	XORLW      4
0x0164	0x1903      	BTFSC      STATUS, 2
0x0165	0x294E      	GOTO       L_Lcd_Out16
0x0166	0x2951      	GOTO       L_Lcd_Out17
L_Lcd_Out12:
;__Lib_Lcd.c,194 :: 		
0x0167	0x036B      	DECF       FARG_Lcd_Out_column, 0
0x0168	0x00F0      	MOVWF      R0
0x0169	0x086A      	MOVF       FARG_Lcd_Out_row, 0
0x016A	0x07F0      	ADDWF      R0, 1
0x016B	0x0870      	MOVF       R0, 0
0x016C	0x00EA      	MOVWF      FARG_Lcd_Out_row
;__Lib_Lcd.c,196 :: 		
0x016D	0x0870      	MOVF       R0, 0
0x016E	0x1283      	BCF        STATUS, 5
0x016F	0x1703      	BSF        STATUS, 6
0x0170	0x0090      	MOVWF      FARG_Lcd_Cmd_out_char
0x0171	0x2063      	CALL       _Lcd_Cmd
;__Lib_Lcd.c,197 :: 		
0x0172	0x1683      	BSF        STATUS, 5
0x0173	0x1055      	BCF        __Lib_Lcd_cmd_status, BitPos(__Lib_Lcd_cmd_status+0)
;__Lib_Lcd.c,198 :: 		
0x0174	0x01ED      	CLRF       Lcd_Out_i_L0
;__Lib_Lcd.c,199 :: 		
L_Lcd_Out18:
0x0175	0x086D      	MOVF       Lcd_Out_i_L0, 0
0x0176	0x076C      	ADDWF      FARG_Lcd_Out_text, 0
0x0177	0x0084      	MOVWF      FSR
0x0178	0x0800      	MOVF       INDF, 0
0x0179	0x1903      	BTFSC      STATUS, 2
0x017A	0x2983      	GOTO       L_Lcd_Out19
;__Lib_Lcd.c,200 :: 		
0x017B	0x086D      	MOVF       Lcd_Out_i_L0, 0
0x017C	0x076C      	ADDWF      FARG_Lcd_Out_text, 0
0x017D	0x0084      	MOVWF      FSR
0x017E	0x0800      	MOVF       INDF, 0
0x017F	0x00EF      	MOVWF      FARG_Lcd_Chr_CP_out_char
0x0180	0x20F5      	CALL       _Lcd_Chr_CP
0x0181	0x0AED      	INCF       Lcd_Out_i_L0, 1
0x0182	0x2975      	GOTO       L_Lcd_Out18
L_Lcd_Out19:
;__Lib_Lcd.c,201 :: 		
0x0183	0x1455      	BSF        __Lib_Lcd_cmd_status, BitPos(__Lib_Lcd_cmd_status+0)
;__Lib_Lcd.c,202 :: 		
L_end_Lcd_Out:
0x0184	0x0008      	RETURN
; end of _Lcd_Out
_SETFOV32:
;__Lib_MathDouble.c,79 :: 		
;__Lib_MathDouble.c,86 :: 		
0x0185	0x14FB      	BSF        R11, 1
;__Lib_MathDouble.c,87 :: 		
0x0186	0x1FFB      	BTFSS      R11, 7
;__Lib_MathDouble.c,88 :: 		
0x0187	0x298F      	GOTO       SETFOV32EEE
;__Lib_MathDouble.c,89 :: 		
0x0188	0x30FF      	MOVLW      255
;__Lib_MathDouble.c,90 :: 		
0x0189	0x00F3      	MOVWF      R3
;__Lib_MathDouble.c,91 :: 		
0x018A	0x00F2      	MOVWF      R2
;__Lib_MathDouble.c,92 :: 		
0x018B	0x00F1      	MOVWF      R1
;__Lib_MathDouble.c,93 :: 		
0x018C	0x00F0      	MOVWF      R0
;__Lib_MathDouble.c,94 :: 		
0x018D	0x0DFA      	RLF        R10, 1
;__Lib_MathDouble.c,95 :: 		
0x018E	0x0CF2      	RRF        R2, 1
;__Lib_MathDouble.c,96 :: 		
SETFOV32EEE:
;__Lib_MathDouble.c,97 :: 		
0x018F	0x30FF      	MOVLW      255
;__Lib_MathDouble.c,99 :: 		
L_end_SETFOV32:
0x0190	0x0008      	RETURN
; end of _SETFOV32
_____DoICP:
;__Lib_System.c,6 :: 		
;__Lib_System.c,9 :: 		
0x0191	0x1683      	BSF        STATUS, 5
0x0192	0x1303      	BCF        STATUS, 6
0x0193	0x0852      	MOVF       ___DoICPAddr+1, 0
0x0194	0x008A      	MOVWF      PCLATH
;__Lib_System.c,10 :: 		
0x0195	0x0851      	MOVF       ___DoICPAddr, 0
0x0196	0x0082      	MOVWF      PCL
;__Lib_System.c,12 :: 		
L_end_____DoICP:
0x0197	0x0008      	RETURN
; end of _____DoICP
_SETIOV3224:
;__Lib_MathDouble.c,1000 :: 		
;__Lib_MathDouble.c,1006 :: 		
0x0198	0x147B      	BSF        R11, 0
;__Lib_MathDouble.c,1007 :: 		
0x0199	0x1FFB      	BTFSS      R11, 7
;__Lib_MathDouble.c,1008 :: 		
0x019A	0x29A3      	GOTO       SETIOV3224EEE
;__Lib_MathDouble.c,1010 :: 		
0x019B	0x01F2      	CLRF       R2
;__Lib_MathDouble.c,1011 :: 		
0x019C	0x1FFA      	BTFSS      R10, 7
;__Lib_MathDouble.c,1012 :: 		
0x019D	0x30FF      	MOVLW      255
;__Lib_MathDouble.c,1013 :: 		
0x019E	0x00F2      	MOVWF      R2
;__Lib_MathDouble.c,1014 :: 		
0x019F	0x00F1      	MOVWF      R1
;__Lib_MathDouble.c,1015 :: 		
0x01A0	0x00F0      	MOVWF      R0
;__Lib_MathDouble.c,1016 :: 		
0x01A1	0x0DFA      	RLF        R10, 1
;__Lib_MathDouble.c,1017 :: 		
0x01A2	0x0CF2      	RRF        R2, 1
;__Lib_MathDouble.c,1018 :: 		
SETIOV3224EEE:
;__Lib_MathDouble.c,1019 :: 		
0x01A3	0x30FF      	MOVLW      255
;__Lib_MathDouble.c,1021 :: 		
L_end_SETIOV3224:
0x01A4	0x0008      	RETURN
; end of _SETIOV3224
_Delay_22us:
;__Lib_Delays.c,15 :: 		void Delay_22us() {
;__Lib_Delays.c,16 :: 		Delay_us(22);
0x01A5	0x300E      	MOVLW      14
0x01A6	0x1283      	BCF        STATUS, 5
0x01A7	0x1303      	BCF        STATUS, 6
0x01A8	0x00FD      	MOVWF      R13
L_Delay_22us1:
0x01A9	0x0BFD      	DECFSZ     R13, 1
0x01AA	0x29A9      	GOTO       L_Delay_22us1
0x01AB	0x0000      	NOP
;__Lib_Delays.c,17 :: 		}
L_end_Delay_22us:
0x01AC	0x0008      	RETURN
; end of _Delay_22us
_NRM3232:
;__Lib_MathDouble.c,167 :: 		
;__Lib_MathDouble.c,173 :: 		
;__Lib_MathDouble.c,175 :: 		
0x01AD	0x01A0      	CLRF       __math_tempbD
;__Lib_MathDouble.c,176 :: 		
0x01AE	0x0872      	MOVF       R2, 0
;__Lib_MathDouble.c,177 :: 		
0x01AF	0x1D03      	BTFSS      STATUS, 2
;__Lib_MathDouble.c,178 :: 		
0x01B0	0x29C2      	GOTO       NORM3232
;__Lib_MathDouble.c,179 :: 		
0x01B1	0x0871      	MOVF       R1, 0
;__Lib_MathDouble.c,180 :: 		
0x01B2	0x00F2      	MOVWF      R2
;__Lib_MathDouble.c,181 :: 		
0x01B3	0x0870      	MOVF       R0, 0
;__Lib_MathDouble.c,182 :: 		
0x01B4	0x00F1      	MOVWF      R1
;__Lib_MathDouble.c,183 :: 		
0x01B5	0x01F0      	CLRF       R0
;__Lib_MathDouble.c,184 :: 		
0x01B6	0x15A0      	BSF        __math_tempbD, 3
;__Lib_MathDouble.c,186 :: 		
0x01B7	0x0872      	MOVF       R2, 0
;__Lib_MathDouble.c,187 :: 		
0x01B8	0x1D03      	BTFSS      STATUS, 2
;__Lib_MathDouble.c,188 :: 		
0x01B9	0x29C2      	GOTO       NORM3232
;__Lib_MathDouble.c,189 :: 		
0x01BA	0x0871      	MOVF       R1, 0
;__Lib_MathDouble.c,190 :: 		
0x01BB	0x00F2      	MOVWF      R2
;__Lib_MathDouble.c,191 :: 		
0x01BC	0x01F1      	CLRF       R1
;__Lib_MathDouble.c,192 :: 		
0x01BD	0x11A0      	BCF        __math_tempbD, 3
;__Lib_MathDouble.c,193 :: 		
0x01BE	0x1620      	BSF        __math_tempbD, 4
;__Lib_MathDouble.c,195 :: 		
0x01BF	0x0872      	MOVF       R2, 0
;__Lib_MathDouble.c,196 :: 		
0x01C0	0x1903      	BTFSC      STATUS, 2
;__Lib_MathDouble.c,197 :: 		
0x01C1	0x29D0      	GOTO       JPNRES032
;__Lib_MathDouble.c,198 :: 		
NORM3232:
;__Lib_MathDouble.c,199 :: 		
0x01C2	0x0820      	MOVF       __math_tempbD, 0
;__Lib_MathDouble.c,200 :: 		
0x01C3	0x02F3      	SUBWF      R3, 1
;__Lib_MathDouble.c,201 :: 		
0x01C4	0x1D03      	BTFSS      STATUS, 2
;__Lib_MathDouble.c,202 :: 		
0x01C5	0x1C03      	BTFSS      STATUS, 0
;__Lib_MathDouble.c,203 :: 		
0x01C6	0x29D4      	GOTO       JPNSETFUN32
;__Lib_MathDouble.c,204 :: 		
0x01C7	0x1003      	BCF        STATUS, 0
;__Lib_MathDouble.c,205 :: 		
NORM3232A:
;__Lib_MathDouble.c,206 :: 		
0x01C8	0x1BF2      	BTFSC      R2, 7
;__Lib_MathDouble.c,207 :: 		
0x01C9	0x29D8      	GOTO       JMPNFIXSIGN32
;__Lib_MathDouble.c,208 :: 		
0x01CA	0x0DF0      	RLF        R0, 1
;__Lib_MathDouble.c,209 :: 		
0x01CB	0x0DF1      	RLF        R1, 1
;__Lib_MathDouble.c,210 :: 		
0x01CC	0x0DF2      	RLF        R2, 1
;__Lib_MathDouble.c,211 :: 		
0x01CD	0x0BF3      	DECFSZ     R3, 1
;__Lib_MathDouble.c,212 :: 		
0x01CE	0x29C8      	GOTO       NORM3232A
;__Lib_MathDouble.c,213 :: 		
0x01CF	0x29D4      	GOTO       JPNSETFUN32
;__Lib_MathDouble.c,214 :: 		
JPNRES032:
;__Lib_MathDouble.c,215 :: 		
0x01D0	0x3001      	MOVLW      1
;__Lib_MathDouble.c,216 :: 		
0x01D1	0x00FC      	MOVWF      R12
;__Lib_MathDouble.c,218 :: 		
0x01D2	0x20C1      	CALL       _RES032
;__Lib_MathDouble.c,220 :: 		
0x01D3	0x29DB      	GOTO       NORM32EEE
;__Lib_MathDouble.c,221 :: 		
JPNSETFUN32:
;__Lib_MathDouble.c,222 :: 		
0x01D4	0x3002      	MOVLW      2
;__Lib_MathDouble.c,223 :: 		
0x01D5	0x00FC      	MOVWF      R12
;__Lib_MathDouble.c,225 :: 		
0x01D6	0x20C8      	CALL       _SETFUN32
;__Lib_MathDouble.c,227 :: 		
0x01D7	0x29DB      	GOTO       NORM32EEE
;__Lib_MathDouble.c,228 :: 		
JMPNFIXSIGN32:
;__Lib_MathDouble.c,229 :: 		
0x01D8	0x3004      	MOVLW      4
;__Lib_MathDouble.c,230 :: 		
0x01D9	0x00FC      	MOVWF      R12
;__Lib_MathDouble.c,232 :: 		
0x01DA	0x20D4      	CALL       _FIXSIGN32
;__Lib_MathDouble.c,234 :: 		
NORM32EEE:
;__Lib_MathDouble.c,236 :: 		
L_end_NRM3232:
0x01DB	0x0008      	RETURN
; end of _NRM3232
_double2int:
;__Lib_MathDouble.c,1391 :: 		
;__Lib_MathDouble.c,1399 :: 		
0x01DC	0x1283      	BCF        STATUS, 5
;__Lib_MathDouble.c,1400 :: 		
0x01DD	0x1303      	BCF        STATUS, 6
;__Lib_MathDouble.c,1402 :: 		
0x01DE	0x01FB      	CLRF       R11
;__Lib_MathDouble.c,1403 :: 		
0x01DF	0x0873      	MOVF       R3, 0
;__Lib_MathDouble.c,1404 :: 		
0x01E0	0x1903      	BTFSC      STATUS, 2
;__Lib_MathDouble.c,1405 :: 		
0x01E1	0x2A19      	GOTO       IRES016
;__Lib_MathDouble.c,1407 :: 		
0x01E2	0x0872      	MOVF       R2, 0
;__Lib_MathDouble.c,1408 :: 		
0x01E3	0x00FA      	MOVWF      R10
;__Lib_MathDouble.c,1409 :: 		
0x01E4	0x17F2      	BSF        R2, 7
;__Lib_MathDouble.c,1411 :: 		
0x01E5	0x308E      	MOVLW      142
;__Lib_MathDouble.c,1412 :: 		
0x01E6	0x02F3      	SUBWF      R3, 1
;__Lib_MathDouble.c,1413 :: 		
0x01E7	0x1FF3      	BTFSS      R3, 7
;__Lib_MathDouble.c,1414 :: 		
0x01E8	0x2A1C      	GOTO       SETIOV16
;__Lib_MathDouble.c,1415 :: 		
0x01E9	0x09F3      	COMF       R3, 1
;__Lib_MathDouble.c,1416 :: 		
0x01EA	0x0AF3      	INCF       R3, 1
;__Lib_MathDouble.c,1418 :: 		
0x01EB	0x3008      	MOVLW      8
;__Lib_MathDouble.c,1419 :: 		
0x01EC	0x0273      	SUBWF      R3, 0
;__Lib_MathDouble.c,1420 :: 		
0x01ED	0x1C03      	BTFSS      STATUS, 0
;__Lib_MathDouble.c,1421 :: 		
0x01EE	0x29FF      	GOTO       TSHIFT3216
;__Lib_MathDouble.c,1422 :: 		
0x01EF	0x00F3      	MOVWF      R3
;__Lib_MathDouble.c,1423 :: 		
0x01F0	0x0DF1      	RLF        R1, 1
;__Lib_MathDouble.c,1424 :: 		
0x01F1	0x0872      	MOVF       R2, 0
;__Lib_MathDouble.c,1425 :: 		
0x01F2	0x00F1      	MOVWF      R1
;__Lib_MathDouble.c,1426 :: 		
0x01F3	0x01F2      	CLRF       R2
;__Lib_MathDouble.c,1428 :: 		
0x01F4	0x3008      	MOVLW      8
;__Lib_MathDouble.c,1429 :: 		
0x01F5	0x0273      	SUBWF      R3, 0
;__Lib_MathDouble.c,1430 :: 		
0x01F6	0x1C03      	BTFSS      STATUS, 0
;__Lib_MathDouble.c,1431 :: 		
0x01F7	0x29FF      	GOTO       TSHIFT3216
;__Lib_MathDouble.c,1432 :: 		
0x01F8	0x00F3      	MOVWF      R3
;__Lib_MathDouble.c,1433 :: 		
0x01F9	0x0DF1      	RLF        R1, 1
;__Lib_MathDouble.c,1434 :: 		
0x01FA	0x01F1      	CLRF       R1
;__Lib_MathDouble.c,1436 :: 		
0x01FB	0x0873      	MOVF       R3, 0
;__Lib_MathDouble.c,1437 :: 		
0x01FC	0x1D03      	BTFSS      STATUS, 2
;__Lib_MathDouble.c,1438 :: 		
0x01FD	0x1003      	BCF        STATUS, 0
;__Lib_MathDouble.c,1439 :: 		
0x01FE	0x2A07      	GOTO       SHIFT3216OK
;__Lib_MathDouble.c,1440 :: 		
TSHIFT3216:
;__Lib_MathDouble.c,1441 :: 		
0x01FF	0x0873      	MOVF       R3, 0
;__Lib_MathDouble.c,1442 :: 		
0x0200	0x1903      	BTFSC      STATUS, 2
;__Lib_MathDouble.c,1443 :: 		
0x0201	0x2A07      	GOTO       SHIFT3216OK
;__Lib_MathDouble.c,1444 :: 		
SHIFT3216:
;__Lib_MathDouble.c,1445 :: 		
0x0202	0x1003      	BCF        STATUS, 0
;__Lib_MathDouble.c,1446 :: 		
0x0203	0x0CF2      	RRF        R2, 1
;__Lib_MathDouble.c,1447 :: 		
0x0204	0x0CF1      	RRF        R1, 1
;__Lib_MathDouble.c,1448 :: 		
0x0205	0x0BF3      	DECFSZ     R3, 1
;__Lib_MathDouble.c,1449 :: 		
0x0206	0x2A02      	GOTO       SHIFT3216
;__Lib_MathDouble.c,1450 :: 		
SHIFT3216OK:
;__Lib_MathDouble.c,1451 :: 		
0x0207	0x1B7B      	BTFSC      R11, 6
;__Lib_MathDouble.c,1452 :: 		
0x0208	0x1C71      	BTFSS      R1, 0
;__Lib_MathDouble.c,1453 :: 		
0x0209	0x2A11      	GOTO       INT3216OK
;__Lib_MathDouble.c,1454 :: 		
0x020A	0x1C03      	BTFSS      STATUS, 0
;__Lib_MathDouble.c,1455 :: 		
0x020B	0x2A11      	GOTO       INT3216OK
;__Lib_MathDouble.c,1456 :: 		
0x020C	0x0AF1      	INCF       R1, 1
;__Lib_MathDouble.c,1457 :: 		
0x020D	0x1903      	BTFSC      STATUS, 2
;__Lib_MathDouble.c,1458 :: 		
0x020E	0x0AF2      	INCF       R2, 1
;__Lib_MathDouble.c,1459 :: 		
0x020F	0x1BF2      	BTFSC      R2, 7
;__Lib_MathDouble.c,1460 :: 		
0x0210	0x2A28      	GOTO       JPJSETIOV3224
;__Lib_MathDouble.c,1461 :: 		
INT3216OK:
;__Lib_MathDouble.c,1462 :: 		
0x0211	0x1FFA      	BTFSS      R10, 7
;__Lib_MathDouble.c,1463 :: 		
0x0212	0x2A2B      	GOTO       INT3216EOK
;__Lib_MathDouble.c,1465 :: 		
0x0213	0x09F2      	COMF       R2, 1
;__Lib_MathDouble.c,1466 :: 		
0x0214	0x09F1      	COMF       R1, 1
;__Lib_MathDouble.c,1467 :: 		
0x0215	0x0AF1      	INCF       R1, 1
;__Lib_MathDouble.c,1468 :: 		
0x0216	0x1903      	BTFSC      STATUS, 2
;__Lib_MathDouble.c,1469 :: 		
0x0217	0x0AF2      	INCF       R2, 1
;__Lib_MathDouble.c,1470 :: 		
0x0218	0x2A2B      	GOTO       INT3216EOK
;__Lib_MathDouble.c,1472 :: 		
IRES016:
;__Lib_MathDouble.c,1473 :: 		
0x0219	0x01F2      	CLRF       R2
;__Lib_MathDouble.c,1474 :: 		
0x021A	0x01F1      	CLRF       R1
;__Lib_MathDouble.c,1475 :: 		
0x021B	0x2A2B      	GOTO       INT3216EOK
;__Lib_MathDouble.c,1476 :: 		
SETIOV16:
;__Lib_MathDouble.c,1477 :: 		
0x021C	0x147B      	BSF        R11, 0
;__Lib_MathDouble.c,1478 :: 		
0x021D	0x1FFB      	BTFSS      R11, 7
;__Lib_MathDouble.c,1479 :: 		
0x021E	0x2A2E      	GOTO       INT3216EER
;__Lib_MathDouble.c,1481 :: 		
0x021F	0x01F2      	CLRF       R2
;__Lib_MathDouble.c,1482 :: 		
0x0220	0x1FFA      	BTFSS      R10, 7
;__Lib_MathDouble.c,1483 :: 		
0x0221	0x2A2E      	GOTO       INT3216EER
;__Lib_MathDouble.c,1484 :: 		
0x0222	0x30FF      	MOVLW      255
;__Lib_MathDouble.c,1485 :: 		
0x0223	0x00F2      	MOVWF      R2
;__Lib_MathDouble.c,1486 :: 		
0x0224	0x00F1      	MOVWF      R1
;__Lib_MathDouble.c,1487 :: 		
0x0225	0x0DFA      	RLF        R10, 1
;__Lib_MathDouble.c,1488 :: 		
0x0226	0x0CF2      	RRF        R2, 1
;__Lib_MathDouble.c,1489 :: 		
0x0227	0x2A2E      	GOTO       INT3216EER
;__Lib_MathDouble.c,1491 :: 		
JPJSETIOV3224:
;__Lib_MathDouble.c,1492 :: 		
0x0228	0x3001      	MOVLW      1
;__Lib_MathDouble.c,1493 :: 		
0x0229	0x00FC      	MOVWF      R12
;__Lib_MathDouble.c,1494 :: 		
0x022A	0x2A30      	GOTO       INT3216EEE
;__Lib_MathDouble.c,1495 :: 		
INT3216EOK:
;__Lib_MathDouble.c,1496 :: 		
0x022B	0x3000      	MOVLW      0
;__Lib_MathDouble.c,1497 :: 		
0x022C	0x00FC      	MOVWF      R12
;__Lib_MathDouble.c,1498 :: 		
0x022D	0x2A30      	GOTO       INT3216EEE
;__Lib_MathDouble.c,1499 :: 		
INT3216EER:
;__Lib_MathDouble.c,1500 :: 		
0x022E	0x30FF      	MOVLW      255
;__Lib_MathDouble.c,1501 :: 		
0x022F	0x00FC      	MOVWF      R12
;__Lib_MathDouble.c,1502 :: 		
INT3216EEE:
;__Lib_MathDouble.c,1505 :: 		
0x0230	0x08FC      	MOVF       R12, 1
;__Lib_MathDouble.c,1507 :: 		
0x0231	0x1903      	BTFSC      STATUS, 2
;__Lib_MathDouble.c,1508 :: 		
0x0232	0x2A34      	GOTO       L_Double2Int_0
;__Lib_MathDouble.c,1510 :: 		
0x0233	0x2198      	CALL       _SETIOV3224
;__Lib_MathDouble.c,1512 :: 		
L_Double2Int_0:
;__Lib_MathDouble.c,1513 :: 		
0x0234	0x0871      	MOVF       R1, 0
;__Lib_MathDouble.c,1514 :: 		
0x0235	0x00F0      	MOVWF      R0
;__Lib_MathDouble.c,1515 :: 		
0x0236	0x0872      	MOVF       R2, 0
;__Lib_MathDouble.c,1516 :: 		
0x0237	0x00F1      	MOVWF      R1
;__Lib_MathDouble.c,1520 :: 		
L_end_double2int:
0x0238	0x0008      	RETURN
; end of _double2int
_EEPROM_Read:
;__Lib_EEPROM.c,4 :: 		
;__Lib_EEPROM.c,5 :: 		
0x0239	0x1683      	BSF        STATUS, 5
0x023A	0x1303      	BCF        STATUS, 6
0x023B	0x0861      	MOVF       FARG_EEPROM_Read_Address, 0
0x023C	0x1283      	BCF        STATUS, 5
0x023D	0x1703      	BSF        STATUS, 6
0x023E	0x008D      	MOVWF      EEADR
;__Lib_EEPROM.c,6 :: 		
0x023F	0x1683      	BSF        STATUS, 5
0x0240	0x138C      	BCF        EECON1, 7
;__Lib_EEPROM.c,12 :: 		
0x0241	0x140C      	BSF        EECON1, 0
;__Lib_EEPROM.c,13 :: 		
0x0242	0x1283      	BCF        STATUS, 5
0x0243	0x080C      	MOVF       EEDATA, 0
0x0244	0x00F0      	MOVWF      R0
;__Lib_EEPROM.c,14 :: 		
L_end_EEPROM_Read:
0x0245	0x0008      	RETURN
; end of _EEPROM_Read
_IntToStr:
;__Lib_Conversions.c,195 :: 		
;__Lib_Conversions.c,201 :: 		
0x0246	0x1683      	BSF        STATUS, 5
0x0247	0x1303      	BCF        STATUS, 6
0x0248	0x01E6      	CLRF       IntToStr_negative_L0
0x0249	0x01E7      	CLRF       IntToStr_negative_L0+1
;__Lib_Conversions.c,202 :: 		
0x024A	0x0861      	MOVF       FARG_IntToStr_input, 0
0x024B	0x00E8      	MOVWF      IntToStr_inword_L0
0x024C	0x0862      	MOVF       FARG_IntToStr_input+1, 0
0x024D	0x00E9      	MOVWF      IntToStr_inword_L0+1
;__Lib_Conversions.c,203 :: 		
0x024E	0x3080      	MOVLW      128
0x024F	0x0662      	XORWF      FARG_IntToStr_input+1, 0
0x0250	0x00F0      	MOVWF      R0
0x0251	0x3080      	MOVLW      128
0x0252	0x0270      	SUBWF      R0, 0
0x0253	0x1D03      	BTFSS      STATUS, 2
0x0254	0x2A57      	GOTO       L__IntToStr167
0x0255	0x3000      	MOVLW      0
0x0256	0x0261      	SUBWF      FARG_IntToStr_input, 0
L__IntToStr167:
0x0257	0x1803      	BTFSC      STATUS, 0
0x0258	0x2A65      	GOTO       L_IntToStr37
;__Lib_Conversions.c,204 :: 		
0x0259	0x3001      	MOVLW      1
0x025A	0x00E6      	MOVWF      IntToStr_negative_L0
0x025B	0x3000      	MOVLW      0
0x025C	0x00E7      	MOVWF      IntToStr_negative_L0+1
;__Lib_Conversions.c,205 :: 		
0x025D	0x0861      	MOVF       FARG_IntToStr_input, 0
0x025E	0x3C00      	SUBLW      0
0x025F	0x00E8      	MOVWF      IntToStr_inword_L0
0x0260	0x0862      	MOVF       FARG_IntToStr_input+1, 0
0x0261	0x1C03      	BTFSS      STATUS, 0
0x0262	0x3E01      	ADDLW      1
0x0263	0x01E9      	CLRF       IntToStr_inword_L0+1
0x0264	0x02E9      	SUBWF      IntToStr_inword_L0+1, 1
;__Lib_Conversions.c,206 :: 		
L_IntToStr37:
;__Lib_Conversions.c,207 :: 		
0x0265	0x0868      	MOVF       IntToStr_inword_L0, 0
0x0266	0x00EA      	MOVWF      FARG_WordToStr_input
0x0267	0x0869      	MOVF       IntToStr_inword_L0+1, 0
0x0268	0x00EB      	MOVWF      FARG_WordToStr_input+1
0x0269	0x0863      	MOVF       FARG_IntToStr_output, 0
0x026A	0x00EC      	MOVWF      FARG_WordToStr_output
0x026B	0x2100      	CALL       _WordToStr
;__Lib_Conversions.c,209 :: 		
0x026C	0x3006      	MOVLW      6
0x026D	0x00E4      	MOVWF      IntToStr_i_L0
0x026E	0x3000      	MOVLW      0
0x026F	0x00E5      	MOVWF      IntToStr_i_L0+1
;__Lib_Conversions.c,210 :: 		
L_IntToStr38:
0x0270	0x0865      	MOVF       IntToStr_i_L0+1, 0
0x0271	0x3C00      	SUBLW      0
0x0272	0x1D03      	BTFSS      STATUS, 2
0x0273	0x2A76      	GOTO       L__IntToStr168
0x0274	0x0864      	MOVF       IntToStr_i_L0, 0
0x0275	0x3C00      	SUBLW      0
L__IntToStr168:
0x0276	0x1803      	BTFSC      STATUS, 0
0x0277	0x2A91      	GOTO       L_IntToStr39
;__Lib_Conversions.c,211 :: 		
0x0278	0x0864      	MOVF       IntToStr_i_L0, 0
0x0279	0x0763      	ADDWF      FARG_IntToStr_output, 0
0x027A	0x00F2      	MOVWF      R2
0x027B	0x3001      	MOVLW      1
0x027C	0x0264      	SUBWF      IntToStr_i_L0, 0
0x027D	0x00F0      	MOVWF      R0
0x027E	0x3000      	MOVLW      0
0x027F	0x1C03      	BTFSS      STATUS, 0
0x0280	0x3E01      	ADDLW      1
0x0281	0x0265      	SUBWF      IntToStr_i_L0+1, 0
0x0282	0x00F1      	MOVWF      R0+1
0x0283	0x0870      	MOVF       R0, 0
0x0284	0x0763      	ADDWF      FARG_IntToStr_output, 0
0x0285	0x0084      	MOVWF      FSR
0x0286	0x0800      	MOVF       INDF, 0
0x0287	0x00F0      	MOVWF      R0
0x0288	0x0872      	MOVF       R2, 0
0x0289	0x0084      	MOVWF      FSR
0x028A	0x0870      	MOVF       R0, 0
0x028B	0x0080      	MOVWF      INDF
;__Lib_Conversions.c,212 :: 		
0x028C	0x3001      	MOVLW      1
0x028D	0x02E4      	SUBWF      IntToStr_i_L0, 1
0x028E	0x1C03      	BTFSS      STATUS, 0
0x028F	0x03E5      	DECF       IntToStr_i_L0+1, 1
;__Lib_Conversions.c,213 :: 		
0x0290	0x2A70      	GOTO       L_IntToStr38
L_IntToStr39:
;__Lib_Conversions.c,214 :: 		
0x0291	0x0863      	MOVF       FARG_IntToStr_output, 0
0x0292	0x0084      	MOVWF      FSR
0x0293	0x3020      	MOVLW      32
0x0294	0x0080      	MOVWF      INDF
;__Lib_Conversions.c,215 :: 		
0x0295	0x0866      	MOVF       IntToStr_negative_L0, 0
0x0296	0x0467      	IORWF      IntToStr_negative_L0+1, 0
0x0297	0x1903      	BTFSC      STATUS, 2
0x0298	0x2AAF      	GOTO       L_IntToStr40
;__Lib_Conversions.c,216 :: 		
0x0299	0x01E4      	CLRF       IntToStr_i_L0
0x029A	0x01E5      	CLRF       IntToStr_i_L0+1
;__Lib_Conversions.c,217 :: 		
L_IntToStr41:
0x029B	0x0864      	MOVF       IntToStr_i_L0, 0
0x029C	0x0763      	ADDWF      FARG_IntToStr_output, 0
0x029D	0x0084      	MOVWF      FSR
0x029E	0x0800      	MOVF       INDF, 0
0x029F	0x3A20      	XORLW      32
0x02A0	0x1D03      	BTFSS      STATUS, 2
0x02A1	0x2AA6      	GOTO       L_IntToStr42
0x02A2	0x0AE4      	INCF       IntToStr_i_L0, 1
0x02A3	0x1903      	BTFSC      STATUS, 2
0x02A4	0x0AE5      	INCF       IntToStr_i_L0+1, 1
0x02A5	0x2A9B      	GOTO       L_IntToStr41
L_IntToStr42:
;__Lib_Conversions.c,218 :: 		
0x02A6	0x3001      	MOVLW      1
0x02A7	0x02E4      	SUBWF      IntToStr_i_L0, 1
0x02A8	0x1C03      	BTFSS      STATUS, 0
0x02A9	0x03E5      	DECF       IntToStr_i_L0+1, 1
;__Lib_Conversions.c,219 :: 		
0x02AA	0x0864      	MOVF       IntToStr_i_L0, 0
0x02AB	0x0763      	ADDWF      FARG_IntToStr_output, 0
0x02AC	0x0084      	MOVWF      FSR
0x02AD	0x302D      	MOVLW      45
0x02AE	0x0080      	MOVWF      INDF
L_IntToStr40:
;__Lib_Conversions.c,220 :: 		
L_end_IntToStr:
0x02AF	0x0008      	RETURN
; end of _IntToStr
_waterLevel:
;seance2.c,34 :: 		void waterLevel(){
;seance2.c,35 :: 		SetHigh(redLED);
0x02B0	0x1283      	BCF        STATUS, 5
0x02B1	0x1303      	BCF        STATUS, 6
0x02B2	0x1787      	BSF        RC7_bit, BitPos(RC7_bit+0)
;seance2.c,36 :: 		SetHigh(buzzer);
0x02B3	0x1586      	BSF        RB3_bit, BitPos(RB3_bit+0)
;seance2.c,37 :: 		Lcd_Cmd(_LCD_CLEAR);
0x02B4	0x3001      	MOVLW      1
0x02B5	0x1703      	BSF        STATUS, 6
0x02B6	0x0090      	MOVWF      FARG_Lcd_Cmd_out_char
0x02B7	0x2063      	CALL       _Lcd_Cmd
;seance2.c,38 :: 		Lcd_Out(1, 1, "Niveau d'eau bas");
0x02B8	0x3001      	MOVLW      1
0x02B9	0x1683      	BSF        STATUS, 5
0x02BA	0x00EA      	MOVWF      FARG_Lcd_Out_row
0x02BB	0x3001      	MOVLW      1
0x02BC	0x00EB      	MOVWF      FARG_Lcd_Out_column
0x02BD	0x3040      	MOVLW      ?lstr1_seance2
0x02BE	0x00EC      	MOVWF      FARG_Lcd_Out_text
0x02BF	0x2142      	CALL       _Lcd_Out
;seance2.c,39 :: 		Delay_ms(6000);
0x02C0	0x303D      	MOVLW      61
0x02C1	0x00FB      	MOVWF      R11
0x02C2	0x30E1      	MOVLW      225
0x02C3	0x00FC      	MOVWF      R12
0x02C4	0x303F      	MOVLW      63
0x02C5	0x00FD      	MOVWF      R13
L_waterLevel0:
0x02C6	0x0BFD      	DECFSZ     R13, 1
0x02C7	0x2AC6      	GOTO       L_waterLevel0
0x02C8	0x0BFC      	DECFSZ     R12, 1
0x02C9	0x2AC6      	GOTO       L_waterLevel0
0x02CA	0x0BFB      	DECFSZ     R11, 1
0x02CB	0x2AC6      	GOTO       L_waterLevel0
0x02CC	0x0000      	NOP
0x02CD	0x0000      	NOP
;seance2.c,40 :: 		}
L_end_waterLevel:
0x02CE	0x0008      	RETURN
; end of _waterLevel
_EEPROM_Write:
;__Lib_EEPROM.c,16 :: 		
;__Lib_EEPROM.c,20 :: 		
L_EEPROM_Write0:
0x02CF	0x1683      	BSF        STATUS, 5
0x02D0	0x1703      	BSF        STATUS, 6
0x02D1	0x1C8C      	BTFSS      EECON1, 1
0x02D2	0x2AD5      	GOTO       L_EEPROM_Write1
0x02D3	0x0000      	NOP
0x02D4	0x2ACF      	GOTO       L_EEPROM_Write0
L_EEPROM_Write1:
;__Lib_EEPROM.c,21 :: 		
0x02D5	0x1303      	BCF        STATUS, 6
0x02D6	0x0861      	MOVF       FARG_EEPROM_Write_Address, 0
0x02D7	0x1283      	BCF        STATUS, 5
0x02D8	0x1703      	BSF        STATUS, 6
0x02D9	0x008D      	MOVWF      EEADR
;__Lib_EEPROM.c,22 :: 		
0x02DA	0x1683      	BSF        STATUS, 5
0x02DB	0x1303      	BCF        STATUS, 6
0x02DC	0x0862      	MOVF       FARG_EEPROM_Write_data_, 0
0x02DD	0x1283      	BCF        STATUS, 5
0x02DE	0x1703      	BSF        STATUS, 6
0x02DF	0x008C      	MOVWF      EEDATA
;__Lib_EEPROM.c,23 :: 		
0x02E0	0x1683      	BSF        STATUS, 5
0x02E1	0x138C      	BCF        EECON1, 7
;__Lib_EEPROM.c,24 :: 		
0x02E2	0x150C      	BSF        EECON1, 2
;__Lib_EEPROM.c,26 :: 		
0x02E3	0x080B      	MOVF       INTCON, 0
0x02E4	0x00F0      	MOVWF      R0
;__Lib_EEPROM.c,29 :: 		
0x02E5	0x138B      	BCF        INTCON, 7
;__Lib_EEPROM.c,30 :: 		
0x02E6	0x3055      	MOVLW      85
0x02E7	0x008D      	MOVWF      EECON2
;__Lib_EEPROM.c,31 :: 		
0x02E8	0x30AA      	MOVLW      170
0x02E9	0x008D      	MOVWF      EECON2
;__Lib_EEPROM.c,32 :: 		
0x02EA	0x148C      	BSF        EECON1, 1
;__Lib_EEPROM.c,36 :: 		
0x02EB	0x1BF0      	BTFSC      R0, 7
0x02EC	0x2AEF      	GOTO       L__EEPROM_Write4
0x02ED	0x138B      	BCF        INTCON, 7
0x02EE	0x2AF0      	GOTO       L__EEPROM_Write5
L__EEPROM_Write4:
0x02EF	0x178B      	BSF        INTCON, 7
L__EEPROM_Write5:
;__Lib_EEPROM.c,37 :: 		
0x02F0	0x110C      	BCF        EECON1, 2
;__Lib_EEPROM.c,38 :: 		
L_end_EEPROM_Write:
0x02F1	0x0008      	RETURN
; end of _EEPROM_Write
_Mul_32x32_FP:
;__Lib_MathDouble.c,610 :: 		
;__Lib_MathDouble.c,622 :: 		
;__Lib_MathDouble.c,624 :: 		
0x02F2	0x1283      	BCF        STATUS, 5
;__Lib_MathDouble.c,625 :: 		
0x02F3	0x1303      	BCF        STATUS, 6
;__Lib_MathDouble.c,627 :: 		
0x02F4	0x01FB      	CLRF       R11
;__Lib_MathDouble.c,628 :: 		
0x02F5	0x0873      	MOVF       R3, 0
;__Lib_MathDouble.c,629 :: 		
0x02F6	0x1D03      	BTFSS      STATUS, 2
;__Lib_MathDouble.c,630 :: 		
0x02F7	0x0877      	MOVF       R7, 0
;__Lib_MathDouble.c,631 :: 		
0x02F8	0x1903      	BTFSC      STATUS, 2
;__Lib_MathDouble.c,632 :: 		
0x02F9	0x2B49      	GOTO       JPMRES032
;__Lib_MathDouble.c,634 :: 		
0x02FA	0x0872      	MOVF       R2, 0
;__Lib_MathDouble.c,635 :: 		
0x02FB	0x0676      	XORWF      R6, 0
;__Lib_MathDouble.c,636 :: 		
0x02FC	0x00FA      	MOVWF      R10
;__Lib_MathDouble.c,637 :: 		
0x02FD	0x0877      	MOVF       R7, 0
;__Lib_MathDouble.c,638 :: 		
0x02FE	0x07F3      	ADDWF      R3, 1
;__Lib_MathDouble.c,639 :: 		
0x02FF	0x307E      	MOVLW      126
;__Lib_MathDouble.c,640 :: 		
0x0300	0x1C03      	BTFSS      STATUS, 0
;__Lib_MathDouble.c,641 :: 		
0x0301	0x2B06      	GOTO       MTUN32
;__Lib_MathDouble.c,642 :: 		
0x0302	0x02F3      	SUBWF      R3, 1
;__Lib_MathDouble.c,643 :: 		
0x0303	0x1803      	BTFSC      STATUS, 0
;__Lib_MathDouble.c,644 :: 		
0x0304	0x2B4C      	GOTO       JPMSETFOV32
;__Lib_MathDouble.c,645 :: 		
0x0305	0x2B09      	GOTO       MOK32
;__Lib_MathDouble.c,646 :: 		
MTUN32:
;__Lib_MathDouble.c,647 :: 		
0x0306	0x02F3      	SUBWF      R3, 1
;__Lib_MathDouble.c,648 :: 		
0x0307	0x1C03      	BTFSS      STATUS, 0
;__Lib_MathDouble.c,649 :: 		
0x0308	0x2B4F      	GOTO       JPMSETFUN32
;__Lib_MathDouble.c,650 :: 		
MOK32:
;__Lib_MathDouble.c,651 :: 		
0x0309	0x0872      	MOVF       R2, 0
;__Lib_MathDouble.c,652 :: 		
0x030A	0x00F8      	MOVWF      R8
;__Lib_MathDouble.c,653 :: 		
0x030B	0x0871      	MOVF       R1, 0
;__Lib_MathDouble.c,654 :: 		
0x030C	0x00FC      	MOVWF      R12
;__Lib_MathDouble.c,655 :: 		
0x030D	0x0870      	MOVF       R0, 0
;__Lib_MathDouble.c,656 :: 		
0x030E	0x00FD      	MOVWF      R13
;__Lib_MathDouble.c,657 :: 		
0x030F	0x17F8      	BSF        R8, 7
;__Lib_MathDouble.c,658 :: 		
0x0310	0x17F6      	BSF        R6, 7
;__Lib_MathDouble.c,659 :: 		
0x0311	0x1003      	BCF        STATUS, 0
;__Lib_MathDouble.c,660 :: 		
0x0312	0x01F2      	CLRF       R2
;__Lib_MathDouble.c,661 :: 		
0x0313	0x01F1      	CLRF       R1
;__Lib_MathDouble.c,662 :: 		
0x0314	0x01F0      	CLRF       R0
;__Lib_MathDouble.c,663 :: 		
0x0315	0x3018      	MOVLW      24
;__Lib_MathDouble.c,664 :: 		
0x0316	0x00A0      	MOVWF      __math_tempbD
;__Lib_MathDouble.c,665 :: 		
MLOOP32:
;__Lib_MathDouble.c,666 :: 		
0x0317	0x1C7D      	BTFSS      R13, 0
;__Lib_MathDouble.c,667 :: 		
0x0318	0x2B23      	GOTO       MNOADD32
;__Lib_MathDouble.c,669 :: 		
0x0319	0x0874      	MOVF       R4, 0
;__Lib_MathDouble.c,670 :: 		
0x031A	0x07F0      	ADDWF      R0, 1
;__Lib_MathDouble.c,671 :: 		
0x031B	0x0875      	MOVF       R5, 0
;__Lib_MathDouble.c,672 :: 		
0x031C	0x1803      	BTFSC      STATUS, 0
;__Lib_MathDouble.c,673 :: 		
0x031D	0x0F75      	INCFSZ     R5, 0
;__Lib_MathDouble.c,674 :: 		
0x031E	0x07F1      	ADDWF      R1, 1
;__Lib_MathDouble.c,675 :: 		
0x031F	0x0876      	MOVF       R6, 0
;__Lib_MathDouble.c,676 :: 		
0x0320	0x1803      	BTFSC      STATUS, 0
;__Lib_MathDouble.c,677 :: 		
0x0321	0x0F76      	INCFSZ     R6, 0
;__Lib_MathDouble.c,678 :: 		
0x0322	0x07F2      	ADDWF      R2, 1
;__Lib_MathDouble.c,679 :: 		
MNOADD32:
;__Lib_MathDouble.c,680 :: 		
0x0323	0x0CF2      	RRF        R2, 1
;__Lib_MathDouble.c,681 :: 		
0x0324	0x0CF1      	RRF        R1, 1
;__Lib_MathDouble.c,682 :: 		
0x0325	0x0CF0      	RRF        R0, 1
;__Lib_MathDouble.c,683 :: 		
0x0326	0x0CF8      	RRF        R8, 1
;__Lib_MathDouble.c,684 :: 		
0x0327	0x0CFC      	RRF        R12, 1
;__Lib_MathDouble.c,685 :: 		
0x0328	0x0CFD      	RRF        R13, 1
;__Lib_MathDouble.c,686 :: 		
0x0329	0x1003      	BCF        STATUS, 0
;__Lib_MathDouble.c,687 :: 		
0x032A	0x0BA0      	DECFSZ     __math_tempbD, 1
;__Lib_MathDouble.c,688 :: 		
0x032B	0x2B17      	GOTO       MLOOP32
;__Lib_MathDouble.c,689 :: 		
0x032C	0x1BF2      	BTFSC      R2, 7
;__Lib_MathDouble.c,690 :: 		
0x032D	0x2B33      	GOTO       MROUND32
;__Lib_MathDouble.c,691 :: 		
0x032E	0x0DF8      	RLF        R8, 1
;__Lib_MathDouble.c,692 :: 		
0x032F	0x0DF0      	RLF        R0, 1
;__Lib_MathDouble.c,693 :: 		
0x0330	0x0DF1      	RLF        R1, 1
;__Lib_MathDouble.c,694 :: 		
0x0331	0x0DF2      	RLF        R2, 1
;__Lib_MathDouble.c,695 :: 		
0x0332	0x03F3      	DECF       R3, 1
;__Lib_MathDouble.c,696 :: 		
MROUND32:
;__Lib_MathDouble.c,697 :: 		
0x0333	0x1B7B      	BTFSC      R11, 6
;__Lib_MathDouble.c,698 :: 		
0x0334	0x1C70      	BTFSS      R0, 0
;__Lib_MathDouble.c,699 :: 		
0x0335	0x2B45      	GOTO       MUL32OK
;__Lib_MathDouble.c,700 :: 		
0x0336	0x1FF8      	BTFSS      R8, 7
;__Lib_MathDouble.c,701 :: 		
0x0337	0x2B45      	GOTO       MUL32OK
;__Lib_MathDouble.c,702 :: 		
0x0338	0x0AF0      	INCF       R0, 1
;__Lib_MathDouble.c,703 :: 		
0x0339	0x1903      	BTFSC      STATUS, 2
;__Lib_MathDouble.c,704 :: 		
0x033A	0x0AF1      	INCF       R1, 1
;__Lib_MathDouble.c,705 :: 		
0x033B	0x1903      	BTFSC      STATUS, 2
;__Lib_MathDouble.c,706 :: 		
0x033C	0x0AF2      	INCF       R2, 1
;__Lib_MathDouble.c,707 :: 		
0x033D	0x1D03      	BTFSS      STATUS, 2
;__Lib_MathDouble.c,708 :: 		
0x033E	0x2B45      	GOTO       MUL32OK
;__Lib_MathDouble.c,709 :: 		
0x033F	0x0CF2      	RRF        R2, 1
;__Lib_MathDouble.c,710 :: 		
0x0340	0x0CF1      	RRF        R1, 1
;__Lib_MathDouble.c,711 :: 		
0x0341	0x0CF0      	RRF        R0, 1
;__Lib_MathDouble.c,712 :: 		
0x0342	0x0AF3      	INCF       R3, 1
;__Lib_MathDouble.c,713 :: 		
0x0343	0x1903      	BTFSC      STATUS, 2
;__Lib_MathDouble.c,714 :: 		
0x0344	0x2B4C      	GOTO       JPMSETFOV32
;__Lib_MathDouble.c,715 :: 		
MUL32OK:
;__Lib_MathDouble.c,716 :: 		
0x0345	0x1FFA      	BTFSS      R10, 7
;__Lib_MathDouble.c,717 :: 		
0x0346	0x13F2      	BCF        R2, 7
;__Lib_MathDouble.c,718 :: 		
0x0347	0x3000      	MOVLW      0
;__Lib_MathDouble.c,720 :: 		
0x0348	0x2B51      	GOTO       MUL32EEE
;__Lib_MathDouble.c,721 :: 		
JPMRES032:
;__Lib_MathDouble.c,722 :: 		
0x0349	0x3001      	MOVLW      1
;__Lib_MathDouble.c,725 :: 		
0x034A	0x20C1      	CALL       _RES032
;__Lib_MathDouble.c,727 :: 		
0x034B	0x2B51      	GOTO       MUL32EEE
;__Lib_MathDouble.c,728 :: 		
JPMSETFOV32:
;__Lib_MathDouble.c,729 :: 		
0x034C	0x3002      	MOVLW      2
;__Lib_MathDouble.c,732 :: 		
0x034D	0x2185      	CALL       _SETFOV32
;__Lib_MathDouble.c,734 :: 		
0x034E	0x2B51      	GOTO       MUL32EEE
;__Lib_MathDouble.c,735 :: 		
JPMSETFUN32:
;__Lib_MathDouble.c,736 :: 		
0x034F	0x3004      	MOVLW      4
;__Lib_MathDouble.c,739 :: 		
0x0350	0x20C8      	CALL       _SETFUN32
;__Lib_MathDouble.c,741 :: 		
MUL32EEE:
;__Lib_MathDouble.c,742 :: 		
0x0351	0x0000      	NOP
;__Lib_MathDouble.c,749 :: 		
L_end_Mul_32x32_FP:
0x0352	0x0008      	RETURN
; end of _Mul_32x32_FP
_lumiere:
;seance2.c,41 :: 		void lumiere(){
;seance2.c,42 :: 		SetHigh(lamp1);
0x0353	0x1283      	BCF        STATUS, 5
0x0354	0x1303      	BCF        STATUS, 6
0x0355	0x1587      	BSF        RC3_bit, BitPos(RC3_bit+0)
;seance2.c,43 :: 		SetHigh(lamp2);
0x0356	0x1607      	BSF        RC4_bit, BitPos(RC4_bit+0)
;seance2.c,44 :: 		Lcd_Cmd(_LCD_CLEAR);
0x0357	0x3001      	MOVLW      1
0x0358	0x1703      	BSF        STATUS, 6
0x0359	0x0090      	MOVWF      FARG_Lcd_Cmd_out_char
0x035A	0x2063      	CALL       _Lcd_Cmd
;seance2.c,45 :: 		Lcd_Out(1, 1, "Mode nuit");
0x035B	0x3001      	MOVLW      1
0x035C	0x1683      	BSF        STATUS, 5
0x035D	0x00EA      	MOVWF      FARG_Lcd_Out_row
0x035E	0x3001      	MOVLW      1
0x035F	0x00EB      	MOVWF      FARG_Lcd_Out_column
0x0360	0x3022      	MOVLW      ?lstr2_seance2
0x0361	0x00EC      	MOVWF      FARG_Lcd_Out_text
0x0362	0x2142      	CALL       _Lcd_Out
;seance2.c,46 :: 		Delay_ms(5000);
0x0363	0x3033      	MOVLW      51
0x0364	0x00FB      	MOVWF      R11
0x0365	0x30BB      	MOVLW      187
0x0366	0x00FC      	MOVWF      R12
0x0367	0x30DF      	MOVLW      223
0x0368	0x00FD      	MOVWF      R13
L_lumiere1:
0x0369	0x0BFD      	DECFSZ     R13, 1
0x036A	0x2B69      	GOTO       L_lumiere1
0x036B	0x0BFC      	DECFSZ     R12, 1
0x036C	0x2B69      	GOTO       L_lumiere1
0x036D	0x0BFB      	DECFSZ     R11, 1
0x036E	0x2B69      	GOTO       L_lumiere1
0x036F	0x0000      	NOP
0x0370	0x0000      	NOP
;seance2.c,47 :: 		}
L_end_lumiere:
0x0371	0x0008      	RETURN
; end of _lumiere
_ADC_Read:
;__Lib_ADC_A_C.c,68 :: 		
;__Lib_ADC_A_C.c,70 :: 		
0x0372	0x1283      	BCF        STATUS, 5
0x0373	0x1303      	BCF        STATUS, 6
0x0374	0x019F      	CLRF       ADCON0
;__Lib_ADC_A_C.c,71 :: 		
0x0375	0x30C0      	MOVLW      192
0x0376	0x049F      	IORWF      ADCON0, 1
;__Lib_ADC_A_C.c,72 :: 		
0x0377	0x096C      	COMF       _vref_mask, 0
0x0378	0x00F0      	MOVWF      R0
0x0379	0x0870      	MOVF       R0, 0
0x037A	0x1683      	BSF        STATUS, 5
0x037B	0x059F      	ANDWF      ADCON1, 1
;__Lib_ADC_A_C.c,73 :: 		
0x037C	0x171F      	BSF        ADCON1, 6
;__Lib_ADC_A_C.c,74 :: 		
0x037D	0x179F      	BSF        ADCON1, 7
;__Lib_ADC_A_C.c,75 :: 		
0x037E	0x0861      	MOVF       FARG_ADC_Read_channel, 0
0x037F	0x00F0      	MOVWF      R0
0x0380	0x0DF0      	RLF        R0, 1
0x0381	0x1070      	BCF        R0, 0
0x0382	0x0DF0      	RLF        R0, 1
0x0383	0x1070      	BCF        R0, 0
0x0384	0x0DF0      	RLF        R0, 1
0x0385	0x1070      	BCF        R0, 0
0x0386	0x0870      	MOVF       R0, 0
0x0387	0x1283      	BCF        STATUS, 5
0x0388	0x049F      	IORWF      ADCON0, 1
;__Lib_ADC_A_C.c,78 :: 		
0x0389	0x141F      	BSF        ADCON0, 0
;__Lib_ADC_A_C.c,81 :: 		
0x038A	0x21A5      	CALL       _Delay_22us
;__Lib_ADC_A_C.c,84 :: 		
0x038B	0x151F      	BSF        ADCON0, 2
;__Lib_ADC_A_C.c,87 :: 		
L_ADC_Read2:
0x038C	0x1D1F      	BTFSS      ADCON0, 2
0x038D	0x2B90      	GOTO       L_ADC_Read3
;__Lib_ADC_A_C.c,88 :: 		
0x038E	0x0000      	NOP
0x038F	0x2B8C      	GOTO       L_ADC_Read2
L_ADC_Read3:
;__Lib_ADC_A_C.c,91 :: 		
0x0390	0x101F      	BCF        ADCON0, 0
;__Lib_ADC_A_C.c,94 :: 		
0x0391	0x081E      	MOVF       ADRESH, 0
0x0392	0x00F1      	MOVWF      R0+1
0x0393	0x01F0      	CLRF       R0
0x0394	0x1683      	BSF        STATUS, 5
0x0395	0x081E      	MOVF       ADRESL, 0
0x0396	0x04F0      	IORWF      R0, 1
0x0397	0x3000      	MOVLW      0
0x0398	0x04F1      	IORWF      R0+1, 1
;__Lib_ADC_A_C.c,95 :: 		
L_end_ADC_Read:
0x0399	0x0008      	RETURN
; end of _ADC_Read
_Lcd_Init:
;__Lib_Lcd.c,84 :: 		
;__Lib_Lcd.c,86 :: 		
0x039A	0x1683      	BSF        STATUS, 5
0x039B	0x1303      	BCF        STATUS, 6
0x039C	0x1188      	BCF        LCD_EN_Direction, BitPos(LCD_EN_Direction+0)
;__Lib_Lcd.c,87 :: 		
0x039D	0x1108      	BCF        LCD_RS_Direction, BitPos(LCD_RS_Direction+0)
;__Lib_Lcd.c,88 :: 		
0x039E	0x1208      	BCF        LCD_D4_Direction, BitPos(LCD_D4_Direction+0)
;__Lib_Lcd.c,89 :: 		
0x039F	0x1288      	BCF        LCD_D5_Direction, BitPos(LCD_D5_Direction+0)
;__Lib_Lcd.c,90 :: 		
0x03A0	0x1308      	BCF        LCD_D6_Direction, BitPos(LCD_D6_Direction+0)
;__Lib_Lcd.c,91 :: 		
0x03A1	0x1388      	BCF        LCD_D7_Direction, BitPos(LCD_D7_Direction+0)
;__Lib_Lcd.c,93 :: 		
0x03A2	0x1283      	BCF        STATUS, 5
0x03A3	0x1188      	BCF        LCD_EN, BitPos(LCD_EN+0)
;__Lib_Lcd.c,94 :: 		
0x03A4	0x1108      	BCF        LCD_RS, BitPos(LCD_RS+0)
;__Lib_Lcd.c,95 :: 		
0x03A5	0x1388      	BCF        LCD_D7, BitPos(LCD_D7+0)
;__Lib_Lcd.c,96 :: 		
0x03A6	0x1308      	BCF        LCD_D6, BitPos(LCD_D6+0)
;__Lib_Lcd.c,97 :: 		
0x03A7	0x1288      	BCF        LCD_D5, BitPos(LCD_D5+0)
;__Lib_Lcd.c,98 :: 		
0x03A8	0x1208      	BCF        LCD_D4, BitPos(LCD_D4+0)
;__Lib_Lcd.c,100 :: 		
0x03A9	0x2056      	CALL       _Delay_5500us
;__Lib_Lcd.c,101 :: 		
0x03AA	0x2056      	CALL       _Delay_5500us
;__Lib_Lcd.c,102 :: 		
0x03AB	0x2056      	CALL       _Delay_5500us
;__Lib_Lcd.c,105 :: 		
0x03AC	0x1688      	BSF        LCD_D5, BitPos(LCD_D5+0)
;__Lib_Lcd.c,106 :: 		
0x03AD	0x1608      	BSF        LCD_D4, BitPos(LCD_D4+0)
;__Lib_Lcd.c,107 :: 		
0x03AE	0x1588      	BSF        LCD_EN, BitPos(LCD_EN+0)
;__Lib_Lcd.c,108 :: 		
0x03AF	0x204C      	CALL       _Delay_1us
;__Lib_Lcd.c,109 :: 		
0x03B0	0x1188      	BCF        LCD_EN, BitPos(LCD_EN+0)
;__Lib_Lcd.c,110 :: 		
0x03B1	0x2056      	CALL       _Delay_5500us
;__Lib_Lcd.c,112 :: 		
0x03B2	0x1588      	BSF        LCD_EN, BitPos(LCD_EN+0)
;__Lib_Lcd.c,113 :: 		
0x03B3	0x204C      	CALL       _Delay_1us
;__Lib_Lcd.c,114 :: 		
0x03B4	0x1188      	BCF        LCD_EN, BitPos(LCD_EN+0)
;__Lib_Lcd.c,115 :: 		
0x03B5	0x2056      	CALL       _Delay_5500us
;__Lib_Lcd.c,117 :: 		
0x03B6	0x1588      	BSF        LCD_EN, BitPos(LCD_EN+0)
;__Lib_Lcd.c,118 :: 		
0x03B7	0x204C      	CALL       _Delay_1us
;__Lib_Lcd.c,119 :: 		
0x03B8	0x1188      	BCF        LCD_EN, BitPos(LCD_EN+0)
;__Lib_Lcd.c,120 :: 		
0x03B9	0x2056      	CALL       _Delay_5500us
;__Lib_Lcd.c,123 :: 		
0x03BA	0x1208      	BCF        LCD_D4, BitPos(LCD_D4+0)
;__Lib_Lcd.c,124 :: 		
0x03BB	0x1588      	BSF        LCD_EN, BitPos(LCD_EN+0)
;__Lib_Lcd.c,125 :: 		
0x03BC	0x204C      	CALL       _Delay_1us
;__Lib_Lcd.c,126 :: 		
0x03BD	0x1188      	BCF        LCD_EN, BitPos(LCD_EN+0)
;__Lib_Lcd.c,127 :: 		
0x03BE	0x2056      	CALL       _Delay_5500us
;__Lib_Lcd.c,130 :: 		
0x03BF	0x1588      	BSF        LCD_EN, BitPos(LCD_EN+0)
;__Lib_Lcd.c,131 :: 		
0x03C0	0x204C      	CALL       _Delay_1us
;__Lib_Lcd.c,132 :: 		
0x03C1	0x1188      	BCF        LCD_EN, BitPos(LCD_EN+0)
;__Lib_Lcd.c,134 :: 		
0x03C2	0x1288      	BCF        LCD_D5, BitPos(LCD_D5+0)
;__Lib_Lcd.c,135 :: 		
0x03C3	0x1788      	BSF        LCD_D7, BitPos(LCD_D7+0)
;__Lib_Lcd.c,136 :: 		
0x03C4	0x1588      	BSF        LCD_EN, BitPos(LCD_EN+0)
;__Lib_Lcd.c,137 :: 		
0x03C5	0x204C      	CALL       _Delay_1us
;__Lib_Lcd.c,138 :: 		
0x03C6	0x1188      	BCF        LCD_EN, BitPos(LCD_EN+0)
;__Lib_Lcd.c,139 :: 		
0x03C7	0x2056      	CALL       _Delay_5500us
;__Lib_Lcd.c,142 :: 		
0x03C8	0x1388      	BCF        LCD_D7, BitPos(LCD_D7+0)
;__Lib_Lcd.c,143 :: 		
0x03C9	0x1608      	BSF        LCD_D4, BitPos(LCD_D4+0)
;__Lib_Lcd.c,144 :: 		
0x03CA	0x1588      	BSF        LCD_EN, BitPos(LCD_EN+0)
;__Lib_Lcd.c,145 :: 		
0x03CB	0x204C      	CALL       _Delay_1us
;__Lib_Lcd.c,146 :: 		
0x03CC	0x1188      	BCF        LCD_EN, BitPos(LCD_EN+0)
;__Lib_Lcd.c,148 :: 		
0x03CD	0x1208      	BCF        LCD_D4, BitPos(LCD_D4+0)
;__Lib_Lcd.c,149 :: 		
0x03CE	0x1588      	BSF        LCD_EN, BitPos(LCD_EN+0)
;__Lib_Lcd.c,150 :: 		
0x03CF	0x204C      	CALL       _Delay_1us
;__Lib_Lcd.c,151 :: 		
0x03D0	0x1188      	BCF        LCD_EN, BitPos(LCD_EN+0)
;__Lib_Lcd.c,152 :: 		
0x03D1	0x2056      	CALL       _Delay_5500us
;__Lib_Lcd.c,155 :: 		
0x03D2	0x1588      	BSF        LCD_EN, BitPos(LCD_EN+0)
;__Lib_Lcd.c,156 :: 		
0x03D3	0x204C      	CALL       _Delay_1us
;__Lib_Lcd.c,157 :: 		
0x03D4	0x1188      	BCF        LCD_EN, BitPos(LCD_EN+0)
;__Lib_Lcd.c,159 :: 		
0x03D5	0x1608      	BSF        LCD_D4, BitPos(LCD_D4+0)
;__Lib_Lcd.c,160 :: 		
0x03D6	0x1588      	BSF        LCD_EN, BitPos(LCD_EN+0)
;__Lib_Lcd.c,161 :: 		
0x03D7	0x204C      	CALL       _Delay_1us
;__Lib_Lcd.c,162 :: 		
0x03D8	0x1188      	BCF        LCD_EN, BitPos(LCD_EN+0)
;__Lib_Lcd.c,163 :: 		
0x03D9	0x2056      	CALL       _Delay_5500us
;__Lib_Lcd.c,166 :: 		
0x03DA	0x1208      	BCF        LCD_D4, BitPos(LCD_D4+0)
;__Lib_Lcd.c,167 :: 		
0x03DB	0x1588      	BSF        LCD_EN, BitPos(LCD_EN+0)
;__Lib_Lcd.c,168 :: 		
0x03DC	0x204C      	CALL       _Delay_1us
;__Lib_Lcd.c,169 :: 		
0x03DD	0x1188      	BCF        LCD_EN, BitPos(LCD_EN+0)
;__Lib_Lcd.c,171 :: 		
0x03DE	0x1788      	BSF        LCD_D7, BitPos(LCD_D7+0)
;__Lib_Lcd.c,172 :: 		
0x03DF	0x1708      	BSF        LCD_D6, BitPos(LCD_D6+0)
;__Lib_Lcd.c,173 :: 		
0x03E0	0x1688      	BSF        LCD_D5, BitPos(LCD_D5+0)
;__Lib_Lcd.c,174 :: 		
0x03E1	0x1608      	BSF        LCD_D4, BitPos(LCD_D4+0)
;__Lib_Lcd.c,175 :: 		
0x03E2	0x1588      	BSF        LCD_EN, BitPos(LCD_EN+0)
;__Lib_Lcd.c,176 :: 		
0x03E3	0x204C      	CALL       _Delay_1us
;__Lib_Lcd.c,177 :: 		
0x03E4	0x1188      	BCF        LCD_EN, BitPos(LCD_EN+0)
;__Lib_Lcd.c,179 :: 		
0x03E5	0x2056      	CALL       _Delay_5500us
;__Lib_Lcd.c,181 :: 		
0x03E6	0x1683      	BSF        STATUS, 5
0x03E7	0x1455      	BSF        __Lib_Lcd_cmd_status, BitPos(__Lib_Lcd_cmd_status+0)
;__Lib_Lcd.c,182 :: 		
L_end_Lcd_Init:
0x03E8	0x0008      	RETURN
; end of _Lcd_Init
_ADC_Init:
;__Lib_ADC_A_C.c,19 :: 		
;__Lib_ADC_A_C.c,20 :: 		
0x03E9	0x30FF      	MOVLW      _ADC_Get_Sample
0x03EA	0x1683      	BSF        STATUS, 5
0x03EB	0x1303      	BCF        STATUS, 6
0x03EC	0x00D6      	MOVWF      _ADC_Get_Sample_Ptr
0x03ED	0x30FF      	MOVLW      hi_addr(_ADC_Get_Sample)
0x03EE	0x00D7      	MOVWF      _ADC_Get_Sample_Ptr+1
0x03EF	0x30FF      	MOVLW      FARG_ADC_Get_Sample_channel
0x03F0	0x00D8      	MOVWF      _ADC_Get_Sample_Ptr+2
0x03F1	0x30FF      	MOVLW      hi_addr(FARG_ADC_Get_Sample_channel)
;__Lib_ADC_A_C.c,22 :: 		
0x03F2	0x1283      	BCF        STATUS, 5
0x03F3	0x019F      	CLRF       ADCON0
;__Lib_ADC_A_C.c,23 :: 		
0x03F4	0x30C0      	MOVLW      192
0x03F5	0x049F      	IORWF      ADCON0, 1
;__Lib_ADC_A_C.c,24 :: 		
0x03F6	0x096C      	COMF       _vref_mask, 0
0x03F7	0x00F0      	MOVWF      R0
0x03F8	0x0870      	MOVF       R0, 0
0x03F9	0x1683      	BSF        STATUS, 5
0x03FA	0x059F      	ANDWF      ADCON1, 1
;__Lib_ADC_A_C.c,25 :: 		
0x03FB	0x171F      	BSF        ADCON1, 6
;__Lib_ADC_A_C.c,26 :: 		
0x03FC	0x179F      	BSF        ADCON1, 7
;__Lib_ADC_A_C.c,29 :: 		
0x03FD	0x1283      	BCF        STATUS, 5
0x03FE	0x141F      	BSF        ADCON0, 0
;__Lib_ADC_A_C.c,30 :: 		
L_end_ADC_Init:
0x03FF	0x0008      	RETURN
; end of _ADC_Init
_food:
;seance2.c,48 :: 		void food(){
;seance2.c,50 :: 		Lcd_Cmd(_LCD_CLEAR);
0x0400	0x3001      	MOVLW      1
0x0401	0x1283      	BCF        STATUS, 5
0x0402	0x1703      	BSF        STATUS, 6
0x0403	0x0090      	MOVWF      FARG_Lcd_Cmd_out_char
0x0404	0x2063      	CALL       _Lcd_Cmd
;seance2.c,51 :: 		Lcd_Out(1, 1, "Distribution");
0x0405	0x3001      	MOVLW      1
0x0406	0x1683      	BSF        STATUS, 5
0x0407	0x00EA      	MOVWF      FARG_Lcd_Out_row
0x0408	0x3001      	MOVLW      1
0x0409	0x00EB      	MOVWF      FARG_Lcd_Out_column
0x040A	0x305F      	MOVLW      ?lstr3_seance2
0x040B	0x00EC      	MOVWF      FARG_Lcd_Out_text
0x040C	0x2142      	CALL       _Lcd_Out
;seance2.c,52 :: 		Lcd_Out(2, 1, "de nourriture");
0x040D	0x3002      	MOVLW      2
0x040E	0x00EA      	MOVWF      FARG_Lcd_Out_row
0x040F	0x3001      	MOVLW      1
0x0410	0x00EB      	MOVWF      FARG_Lcd_Out_column
0x0411	0x3051      	MOVLW      ?lstr4_seance2
0x0412	0x00EC      	MOVWF      FARG_Lcd_Out_text
0x0413	0x2142      	CALL       _Lcd_Out
;seance2.c,53 :: 		for(i=0; i<3; i++){
0x0414	0x01E1      	CLRF       food_i_L0
0x0415	0x01E2      	CLRF       food_i_L0+1
L_food2:
0x0416	0x3080      	MOVLW      128
0x0417	0x0662      	XORWF      food_i_L0+1, 0
0x0418	0x00F0      	MOVWF      R0
0x0419	0x3080      	MOVLW      128
0x041A	0x0270      	SUBWF      R0, 0
0x041B	0x1D03      	BTFSS      STATUS, 2
0x041C	0x2C1F      	GOTO       L__food29
0x041D	0x3003      	MOVLW      3
0x041E	0x0261      	SUBWF      food_i_L0, 0
L__food29:
0x041F	0x1803      	BTFSC      STATUS, 0
0x0420	0x2C45      	GOTO       L_food3
;seance2.c,54 :: 		SetHigh(redLED);
0x0421	0x1283      	BCF        STATUS, 5
0x0422	0x1787      	BSF        RC7_bit, BitPos(RC7_bit+0)
;seance2.c,55 :: 		Delay_ms(500);
0x0423	0x3006      	MOVLW      6
0x0424	0x00FB      	MOVWF      R11
0x0425	0x3013      	MOVLW      19
0x0426	0x00FC      	MOVWF      R12
0x0427	0x30AD      	MOVLW      173
0x0428	0x00FD      	MOVWF      R13
L_food5:
0x0429	0x0BFD      	DECFSZ     R13, 1
0x042A	0x2C29      	GOTO       L_food5
0x042B	0x0BFC      	DECFSZ     R12, 1
0x042C	0x2C29      	GOTO       L_food5
0x042D	0x0BFB      	DECFSZ     R11, 1
0x042E	0x2C29      	GOTO       L_food5
0x042F	0x0000      	NOP
0x0430	0x0000      	NOP
;seance2.c,56 :: 		SetLow(redLED);
0x0431	0x1387      	BCF        RC7_bit, BitPos(RC7_bit+0)
;seance2.c,57 :: 		Delay_ms(500);
0x0432	0x3006      	MOVLW      6
0x0433	0x00FB      	MOVWF      R11
0x0434	0x3013      	MOVLW      19
0x0435	0x00FC      	MOVWF      R12
0x0436	0x30AD      	MOVLW      173
0x0437	0x00FD      	MOVWF      R13
L_food6:
0x0438	0x0BFD      	DECFSZ     R13, 1
0x0439	0x2C38      	GOTO       L_food6
0x043A	0x0BFC      	DECFSZ     R12, 1
0x043B	0x2C38      	GOTO       L_food6
0x043C	0x0BFB      	DECFSZ     R11, 1
0x043D	0x2C38      	GOTO       L_food6
0x043E	0x0000      	NOP
0x043F	0x0000      	NOP
;seance2.c,53 :: 		for(i=0; i<3; i++){
0x0440	0x1683      	BSF        STATUS, 5
0x0441	0x0AE1      	INCF       food_i_L0, 1
0x0442	0x1903      	BTFSC      STATUS, 2
0x0443	0x0AE2      	INCF       food_i_L0+1, 1
;seance2.c,58 :: 		}
0x0444	0x2C16      	GOTO       L_food2
L_food3:
;seance2.c,59 :: 		SetHigh(foodMotor);
0x0445	0x1283      	BCF        STATUS, 5
0x0446	0x1486      	BSF        RB1_bit, BitPos(RB1_bit+0)
;seance2.c,60 :: 		Delay_ms(2000);
0x0447	0x3015      	MOVLW      21
0x0448	0x00FB      	MOVWF      R11
0x0449	0x304B      	MOVLW      75
0x044A	0x00FC      	MOVWF      R12
0x044B	0x30BE      	MOVLW      190
0x044C	0x00FD      	MOVWF      R13
L_food7:
0x044D	0x0BFD      	DECFSZ     R13, 1
0x044E	0x2C4D      	GOTO       L_food7
0x044F	0x0BFC      	DECFSZ     R12, 1
0x0450	0x2C4D      	GOTO       L_food7
0x0451	0x0BFB      	DECFSZ     R11, 1
0x0452	0x2C4D      	GOTO       L_food7
0x0453	0x0000      	NOP
;seance2.c,61 :: 		}
L_end_food:
0x0454	0x0008      	RETURN
; end of _food
___CC2DW:
;__Lib_System.c,134 :: 		
;__Lib_System.c,137 :: 		
_CC2D_Loop1:
;__Lib_System.c,139 :: 		
0x0455	0x2191      	CALL       _____DoICP
0x0456	0x118A      	BCF        PCLATH, 3
0x0457	0x120A      	BCF        PCLATH, 4
;__Lib_System.c,141 :: 		
0x0458	0x0080      	MOVWF      INDF
;__Lib_System.c,142 :: 		
0x0459	0x0A84      	INCF       FSR, 1
;__Lib_System.c,143 :: 		
0x045A	0x0AD1      	INCF       ___DoICPAddr, 1
;__Lib_System.c,145 :: 		
0x045B	0x1903      	BTFSC      STATUS, 2
;__Lib_System.c,146 :: 		
0x045C	0x0AD2      	INCF       ___DoICPAddr+1, 1
;__Lib_System.c,147 :: 		
0x045D	0x03F0      	DECF       R0, 1
;__Lib_System.c,149 :: 		
0x045E	0x1D03      	BTFSS      STATUS, 2
;__Lib_System.c,150 :: 		
0x045F	0x2C55      	GOTO       _CC2D_Loop1
;__Lib_System.c,152 :: 		
L_end___CC2DW:
0x0460	0x0008      	RETURN
; end of ___CC2DW
_word2double:
;__Lib_MathDouble.c,1862 :: 		
;__Lib_MathDouble.c,1868 :: 		
0x0461	0x1283      	BCF        STATUS, 5
;__Lib_MathDouble.c,1869 :: 		
0x0462	0x1303      	BCF        STATUS, 6
;__Lib_MathDouble.c,1870 :: 		
0x0463	0x0870      	MOVF       R0, 0
;__Lib_MathDouble.c,1871 :: 		
0x0464	0x00F8      	MOVWF      R8
;__Lib_MathDouble.c,1872 :: 		
0x0465	0x0871      	MOVF       R1, 0
;__Lib_MathDouble.c,1873 :: 		
0x0466	0x00F0      	MOVWF      R0
;__Lib_MathDouble.c,1874 :: 		
0x0467	0x01F1      	CLRF       R1
;__Lib_MathDouble.c,1875 :: 		
0x0468	0x01F2      	CLRF       R2
;__Lib_MathDouble.c,1876 :: 		
0x0469	0x01F3      	CLRF       R3
;__Lib_MathDouble.c,1879 :: 		
0x046A	0x01FB      	CLRF       R11
;__Lib_MathDouble.c,1880 :: 		
0x046B	0x01FC      	CLRF       R12
;__Lib_MathDouble.c,1882 :: 		
0x046C	0x3096      	MOVLW      150
;__Lib_MathDouble.c,1883 :: 		
0x046D	0x00F3      	MOVWF      R3
;__Lib_MathDouble.c,1884 :: 		
0x046E	0x01FA      	CLRF       R10
;__Lib_MathDouble.c,1886 :: 		
0x046F	0x0870      	MOVF       R0, 0
;__Lib_MathDouble.c,1887 :: 		
0x0470	0x00F1      	MOVWF      R1
;__Lib_MathDouble.c,1888 :: 		
0x0471	0x0878      	MOVF       R8, 0
;__Lib_MathDouble.c,1889 :: 		
0x0472	0x00F0      	MOVWF      R0
;__Lib_MathDouble.c,1890 :: 		
0x0473	0x01F8      	CLRF       R8
;__Lib_MathDouble.c,1891 :: 		
0x0474	0x01F2      	CLRF       R2
;__Lib_MathDouble.c,1893 :: 		
0x0475	0x21AD      	CALL       _NRM3232
;__Lib_MathDouble.c,1894 :: 		
L_end_word2double:
0x0476	0x0008      	RETURN
; end of _word2double
_main:
0x0477	0x262E      	CALL       1582
;seance2.c,64 :: 		void main(){
;seance2.c,68 :: 		TRISB = 0b01100001;
0x0478	0x3061      	MOVLW      97
0x0479	0x1683      	BSF        STATUS, 5
0x047A	0x1303      	BCF        STATUS, 6
0x047B	0x0086      	MOVWF      TRISB
;seance2.c,69 :: 		TRISC = 0;
0x047C	0x0187      	CLRF       TRISC
;seance2.c,71 :: 		Lcd_Init();
0x047D	0x239A      	CALL       _Lcd_Init
;seance2.c,72 :: 		Lcd_Cmd(_LCD_CLEAR);  // Clear display
0x047E	0x3001      	MOVLW      1
0x047F	0x1283      	BCF        STATUS, 5
0x0480	0x1703      	BSF        STATUS, 6
0x0481	0x0090      	MOVWF      FARG_Lcd_Cmd_out_char
0x0482	0x2063      	CALL       _Lcd_Cmd
;seance2.c,73 :: 		Lcd_Cmd(_LCD_CURSOR_OFF);  // Turn off cursor
0x0483	0x300C      	MOVLW      12
0x0484	0x1703      	BSF        STATUS, 6
0x0485	0x0090      	MOVWF      FARG_Lcd_Cmd_out_char
0x0486	0x2063      	CALL       _Lcd_Cmd
;seance2.c,74 :: 		Lcd_Out(1, 1, "etatNormal");
0x0487	0x3001      	MOVLW      1
0x0488	0x1683      	BSF        STATUS, 5
0x0489	0x00EA      	MOVWF      FARG_Lcd_Out_row
0x048A	0x3001      	MOVLW      1
0x048B	0x00EB      	MOVWF      FARG_Lcd_Out_column
0x048C	0x3035      	MOVLW      ?lstr5_seance2
0x048D	0x00EC      	MOVWF      FARG_Lcd_Out_text
0x048E	0x2142      	CALL       _Lcd_Out
;seance2.c,75 :: 		Lcd_Out(2, 1, "modeJour");
0x048F	0x3002      	MOVLW      2
0x0490	0x00EA      	MOVWF      FARG_Lcd_Out_row
0x0491	0x3001      	MOVLW      1
0x0492	0x00EB      	MOVWF      FARG_Lcd_Out_column
0x0493	0x302C      	MOVLW      ?lstr6_seance2
0x0494	0x00EC      	MOVWF      FARG_Lcd_Out_text
0x0495	0x2142      	CALL       _Lcd_Out
;seance2.c,77 :: 		ADC_Init();
0x0496	0x23E9      	CALL       _ADC_Init
;seance2.c,78 :: 		INTCON.GIE = 1;
0x0497	0x178B      	BSF        INTCON, 7
;seance2.c,79 :: 		INTCON.INTE = 1;
0x0498	0x160B      	BSF        INTCON, 4
;seance2.c,80 :: 		OPTION_REG.INTEDG = 0;
0x0499	0x1683      	BSF        STATUS, 5
0x049A	0x1301      	BCF        OPTION_REG, 6
;seance2.c,81 :: 		INTCON.RBIE = 1;
0x049B	0x158B      	BSF        INTCON, 3
;seance2.c,82 :: 		OPTION_REG.T0CS=0;
0x049C	0x1281      	BCF        OPTION_REG, 5
;seance2.c,83 :: 		OPTION_REG.PSA=0;
0x049D	0x1181      	BCF        OPTION_REG, 3
;seance2.c,84 :: 		OPTION_REG.PS0=1;
0x049E	0x1401      	BSF        OPTION_REG, 0
;seance2.c,85 :: 		OPTION_REG.PS1=1;
0x049F	0x1481      	BSF        OPTION_REG, 1
;seance2.c,86 :: 		OPTION_REG.PS2=1;
0x04A0	0x1501      	BSF        OPTION_REG, 2
;seance2.c,87 :: 		TMR0=0;
0x04A1	0x1283      	BCF        STATUS, 5
0x04A2	0x0181      	CLRF       TMR0
;seance2.c,89 :: 		SetLow(buzzer);
0x04A3	0x1186      	BCF        RB3_bit, BitPos(RB3_bit+0)
;seance2.c,90 :: 		SetLow(foodMotor);
0x04A4	0x1086      	BCF        RB1_bit, BitPos(RB1_bit+0)
;seance2.c,91 :: 		SetLow(lamp1);
0x04A5	0x1187      	BCF        RC3_bit, BitPos(RC3_bit+0)
;seance2.c,92 :: 		SetLow(lamp2);
0x04A6	0x1207      	BCF        RC4_bit, BitPos(RC4_bit+0)
;seance2.c,93 :: 		SetLow(heater);
0x04A7	0x1106      	BCF        RB2_bit, BitPos(RB2_bit+0)
;seance2.c,94 :: 		SetLow(redLED);
0x04A8	0x1387      	BCF        RC7_bit, BitPos(RC7_bit+0)
;seance2.c,95 :: 		SetLow(blueLED);
0x04A9	0x1287      	BCF        RC5_bit, BitPos(RC5_bit+0)
;seance2.c,97 :: 		SetHigh(greenLED);
0x04AA	0x1707      	BSF        RC6_bit, BitPos(RC6_bit+0)
;seance2.c,98 :: 		while (1) {
L_main8:
;seance2.c,100 :: 		tempC = ADC_Read(0)*0.496;
0x04AB	0x1683      	BSF        STATUS, 5
0x04AC	0x01E1      	CLRF       FARG_ADC_Read_channel
0x04AD	0x2372      	CALL       _ADC_Read
0x04AE	0x2461      	CALL       _word2double
0x04AF	0x30B6      	MOVLW      182
0x04B0	0x00F4      	MOVWF      R4
0x04B1	0x30F3      	MOVLW      243
0x04B2	0x00F5      	MOVWF      R4+1
0x04B3	0x307D      	MOVLW      125
0x04B4	0x00F6      	MOVWF      R4+2
0x04B5	0x307D      	MOVLW      125
0x04B6	0x00F7      	MOVWF      R4+3
0x04B7	0x22F2      	CALL       _Mul_32x32_FP
0x04B8	0x21DC      	CALL       _double2int
0x04B9	0x0870      	MOVF       R0, 0
0x04BA	0x1683      	BSF        STATUS, 5
0x04BB	0x00DF      	MOVWF      main_tempC_L0
0x04BC	0x0871      	MOVF       R0+1, 0
0x04BD	0x00E0      	MOVWF      main_tempC_L0+1
;seance2.c,102 :: 		quality = ADC_Read(1)*0.496;
0x04BE	0x3001      	MOVLW      1
0x04BF	0x00E1      	MOVWF      FARG_ADC_Read_channel
0x04C0	0x2372      	CALL       _ADC_Read
0x04C1	0x2461      	CALL       _word2double
0x04C2	0x30B6      	MOVLW      182
0x04C3	0x00F4      	MOVWF      R4
0x04C4	0x30F3      	MOVLW      243
0x04C5	0x00F5      	MOVWF      R4+1
0x04C6	0x307D      	MOVLW      125
0x04C7	0x00F6      	MOVWF      R4+2
0x04C8	0x307D      	MOVLW      125
0x04C9	0x00F7      	MOVWF      R4+3
0x04CA	0x22F2      	CALL       _Mul_32x32_FP
0x04CB	0x21DC      	CALL       _double2int
0x04CC	0x0870      	MOVF       R0, 0
0x04CD	0x1683      	BSF        STATUS, 5
0x04CE	0x00DD      	MOVWF      main_quality_L0
0x04CF	0x0871      	MOVF       R0+1, 0
0x04D0	0x00DE      	MOVWF      main_quality_L0+1
;seance2.c,104 :: 		if(m==1){
0x04D1	0x3000      	MOVLW      0
0x04D2	0x065A      	XORWF      _m+1, 0
0x04D3	0x1D03      	BTFSS      STATUS, 2
0x04D4	0x2CD7      	GOTO       L__main31
0x04D5	0x3001      	MOVLW      1
0x04D6	0x0659      	XORWF      _m, 0
L__main31:
0x04D7	0x1D03      	BTFSS      STATUS, 2
0x04D8	0x2CE9      	GOTO       L_main10
;seance2.c,105 :: 		waterLevel();
0x04D9	0x22B0      	CALL       _waterLevel
;seance2.c,106 :: 		ii++;
0x04DA	0x1283      	BCF        STATUS, 5
0x04DB	0x0AED      	INCF       _ii, 1
0x04DC	0x1903      	BTFSC      STATUS, 2
0x04DD	0x0AEE      	INCF       _ii+1, 1
;seance2.c,107 :: 		EEPROM_Write(0x02,ii);
0x04DE	0x3002      	MOVLW      2
0x04DF	0x1683      	BSF        STATUS, 5
0x04E0	0x00E1      	MOVWF      FARG_EEPROM_Write_Address
0x04E1	0x1283      	BCF        STATUS, 5
0x04E2	0x086D      	MOVF       _ii, 0
0x04E3	0x1683      	BSF        STATUS, 5
0x04E4	0x00E2      	MOVWF      FARG_EEPROM_Write_data_
0x04E5	0x22CF      	CALL       _EEPROM_Write
;seance2.c,108 :: 		m=0;
0x04E6	0x1303      	BCF        STATUS, 6
0x04E7	0x01D9      	CLRF       _m
0x04E8	0x01DA      	CLRF       _m+1
;seance2.c,109 :: 		}
L_main10:
;seance2.c,110 :: 		if(m==2){
0x04E9	0x3000      	MOVLW      0
0x04EA	0x065A      	XORWF      _m+1, 0
0x04EB	0x1D03      	BTFSS      STATUS, 2
0x04EC	0x2CEF      	GOTO       L__main32
0x04ED	0x3002      	MOVLW      2
0x04EE	0x0659      	XORWF      _m, 0
L__main32:
0x04EF	0x1D03      	BTFSS      STATUS, 2
0x04F0	0x2CF4      	GOTO       L_main11
;seance2.c,111 :: 		lumiere();
0x04F1	0x2353      	CALL       _lumiere
;seance2.c,112 :: 		m=0;
0x04F2	0x01D9      	CLRF       _m
0x04F3	0x01DA      	CLRF       _m+1
;seance2.c,113 :: 		}
L_main11:
;seance2.c,114 :: 		if(m==3){
0x04F4	0x3000      	MOVLW      0
0x04F5	0x065A      	XORWF      _m+1, 0
0x04F6	0x1D03      	BTFSS      STATUS, 2
0x04F7	0x2CFA      	GOTO       L__main33
0x04F8	0x3003      	MOVLW      3
0x04F9	0x0659      	XORWF      _m, 0
L__main33:
0x04FA	0x1D03      	BTFSS      STATUS, 2
0x04FB	0x2D00      	GOTO       L_main12
;seance2.c,115 :: 		food();
0x04FC	0x2400      	CALL       _food
;seance2.c,116 :: 		m=0;
0x04FD	0x1683      	BSF        STATUS, 5
0x04FE	0x01D9      	CLRF       _m
0x04FF	0x01DA      	CLRF       _m+1
;seance2.c,117 :: 		}
L_main12:
;seance2.c,118 :: 		if (tempC < CRITICAL_TEMP) {
0x0500	0x3080      	MOVLW      128
0x0501	0x0660      	XORWF      main_tempC_L0+1, 0
0x0502	0x00F0      	MOVWF      R0
0x0503	0x3080      	MOVLW      128
0x0504	0x0270      	SUBWF      R0, 0
0x0505	0x1D03      	BTFSS      STATUS, 2
0x0506	0x2D09      	GOTO       L__main34
0x0507	0x3014      	MOVLW      20
0x0508	0x025F      	SUBWF      main_tempC_L0, 0
L__main34:
0x0509	0x1803      	BTFSC      STATUS, 0
0x050A	0x2D34      	GOTO       L_main13
;seance2.c,119 :: 		SetHigh(redLED);
0x050B	0x1283      	BCF        STATUS, 5
0x050C	0x1787      	BSF        RC7_bit, BitPos(RC7_bit+0)
;seance2.c,120 :: 		SetHigh(buzzer);
0x050D	0x1586      	BSF        RB3_bit, BitPos(RB3_bit+0)
;seance2.c,121 :: 		Lcd_Cmd(_LCD_CLEAR);
0x050E	0x3001      	MOVLW      1
0x050F	0x1703      	BSF        STATUS, 6
0x0510	0x0090      	MOVWF      FARG_Lcd_Cmd_out_char
0x0511	0x2063      	CALL       _Lcd_Cmd
;seance2.c,122 :: 		Lcd_Out(1, 1, "Temp Critical!");
0x0512	0x3001      	MOVLW      1
0x0513	0x1683      	BSF        STATUS, 5
0x0514	0x00EA      	MOVWF      FARG_Lcd_Out_row
0x0515	0x3001      	MOVLW      1
0x0516	0x00EB      	MOVWF      FARG_Lcd_Out_column
0x0517	0x30C0      	MOVLW      ?lstr7_seance2
0x0518	0x00EC      	MOVWF      FARG_Lcd_Out_text
0x0519	0x2142      	CALL       _Lcd_Out
;seance2.c,123 :: 		ii++;
0x051A	0x1283      	BCF        STATUS, 5
0x051B	0x0AED      	INCF       _ii, 1
0x051C	0x1903      	BTFSC      STATUS, 2
0x051D	0x0AEE      	INCF       _ii+1, 1
;seance2.c,124 :: 		EEPROM_Write(0x02,ii);
0x051E	0x3002      	MOVLW      2
0x051F	0x1683      	BSF        STATUS, 5
0x0520	0x00E1      	MOVWF      FARG_EEPROM_Write_Address
0x0521	0x1283      	BCF        STATUS, 5
0x0522	0x086D      	MOVF       _ii, 0
0x0523	0x1683      	BSF        STATUS, 5
0x0524	0x00E2      	MOVWF      FARG_EEPROM_Write_data_
0x0525	0x22CF      	CALL       _EEPROM_Write
;seance2.c,125 :: 		Delay_ms(3000);
0x0526	0x301F      	MOVLW      31
0x0527	0x00FB      	MOVWF      R11
0x0528	0x3071      	MOVLW      113
0x0529	0x00FC      	MOVWF      R12
0x052A	0x301E      	MOVLW      30
0x052B	0x00FD      	MOVWF      R13
L_main14:
0x052C	0x0BFD      	DECFSZ     R13, 1
0x052D	0x2D2C      	GOTO       L_main14
0x052E	0x0BFC      	DECFSZ     R12, 1
0x052F	0x2D2C      	GOTO       L_main14
0x0530	0x0BFB      	DECFSZ     R11, 1
0x0531	0x2D2C      	GOTO       L_main14
0x0532	0x0000      	NOP
;seance2.c,127 :: 		}
0x0533	0x2D84      	GOTO       L_main15
L_main13:
;seance2.c,128 :: 		else if (quality < QUALITY_THRESHOLD) {
0x0534	0x3080      	MOVLW      128
0x0535	0x1303      	BCF        STATUS, 6
0x0536	0x065E      	XORWF      main_quality_L0+1, 0
0x0537	0x00F0      	MOVWF      R0
0x0538	0x3080      	MOVLW      128
0x0539	0x0270      	SUBWF      R0, 0
0x053A	0x1D03      	BTFSS      STATUS, 2
0x053B	0x2D3E      	GOTO       L__main35
0x053C	0x3046      	MOVLW      70
0x053D	0x025D      	SUBWF      main_quality_L0, 0
L__main35:
0x053E	0x1803      	BTFSC      STATUS, 0
0x053F	0x2D67      	GOTO       L_main16
;seance2.c,129 :: 		SetHigh(blueLED);
0x0540	0x1283      	BCF        STATUS, 5
0x0541	0x1687      	BSF        RC5_bit, BitPos(RC5_bit+0)
;seance2.c,130 :: 		Lcd_Cmd(_LCD_CLEAR);
0x0542	0x3001      	MOVLW      1
0x0543	0x1703      	BSF        STATUS, 6
0x0544	0x0090      	MOVWF      FARG_Lcd_Cmd_out_char
0x0545	0x2063      	CALL       _Lcd_Cmd
;seance2.c,131 :: 		Lcd_Out(2, 1, "quality low");
0x0546	0x3002      	MOVLW      2
0x0547	0x1683      	BSF        STATUS, 5
0x0548	0x00EA      	MOVWF      FARG_Lcd_Out_row
0x0549	0x3001      	MOVLW      1
0x054A	0x00EB      	MOVWF      FARG_Lcd_Out_column
0x054B	0x30B4      	MOVLW      ?lstr8_seance2
0x054C	0x00EC      	MOVWF      FARG_Lcd_Out_text
0x054D	0x2142      	CALL       _Lcd_Out
;seance2.c,132 :: 		ii++;
0x054E	0x1283      	BCF        STATUS, 5
0x054F	0x0AED      	INCF       _ii, 1
0x0550	0x1903      	BTFSC      STATUS, 2
0x0551	0x0AEE      	INCF       _ii+1, 1
;seance2.c,133 :: 		EEPROM_Write(0x02,ii);
0x0552	0x3002      	MOVLW      2
0x0553	0x1683      	BSF        STATUS, 5
0x0554	0x00E1      	MOVWF      FARG_EEPROM_Write_Address
0x0555	0x1283      	BCF        STATUS, 5
0x0556	0x086D      	MOVF       _ii, 0
0x0557	0x1683      	BSF        STATUS, 5
0x0558	0x00E2      	MOVWF      FARG_EEPROM_Write_data_
0x0559	0x22CF      	CALL       _EEPROM_Write
;seance2.c,134 :: 		Delay_ms(4000);
0x055A	0x3029      	MOVLW      41
0x055B	0x00FB      	MOVWF      R11
0x055C	0x3096      	MOVLW      150
0x055D	0x00FC      	MOVWF      R12
0x055E	0x307F      	MOVLW      127
0x055F	0x00FD      	MOVWF      R13
L_main17:
0x0560	0x0BFD      	DECFSZ     R13, 1
0x0561	0x2D60      	GOTO       L_main17
0x0562	0x0BFC      	DECFSZ     R12, 1
0x0563	0x2D60      	GOTO       L_main17
0x0564	0x0BFB      	DECFSZ     R11, 1
0x0565	0x2D60      	GOTO       L_main17
;seance2.c,136 :: 		}
0x0566	0x2D84      	GOTO       L_main18
L_main16:
;seance2.c,138 :: 		SetLow(buzzer);
0x0567	0x1283      	BCF        STATUS, 5
0x0568	0x1303      	BCF        STATUS, 6
0x0569	0x1186      	BCF        RB3_bit, BitPos(RB3_bit+0)
;seance2.c,139 :: 		SetLow(foodMotor);
0x056A	0x1086      	BCF        RB1_bit, BitPos(RB1_bit+0)
;seance2.c,140 :: 		SetLow(lamp1);
0x056B	0x1187      	BCF        RC3_bit, BitPos(RC3_bit+0)
;seance2.c,141 :: 		SetLow(lamp2);
0x056C	0x1207      	BCF        RC4_bit, BitPos(RC4_bit+0)
;seance2.c,142 :: 		SetLow(heater);
0x056D	0x1106      	BCF        RB2_bit, BitPos(RB2_bit+0)
;seance2.c,143 :: 		SetLow(redLED);
0x056E	0x1387      	BCF        RC7_bit, BitPos(RC7_bit+0)
;seance2.c,144 :: 		SetLow(blueLED);
0x056F	0x1287      	BCF        RC5_bit, BitPos(RC5_bit+0)
;seance2.c,145 :: 		SetHigh(greenLED);
0x0570	0x1707      	BSF        RC6_bit, BitPos(RC6_bit+0)
;seance2.c,146 :: 		Lcd_Cmd(_LCD_CLEAR);
0x0571	0x3001      	MOVLW      1
0x0572	0x1703      	BSF        STATUS, 6
0x0573	0x0090      	MOVWF      FARG_Lcd_Cmd_out_char
0x0574	0x2063      	CALL       _Lcd_Cmd
;seance2.c,147 :: 		Lcd_Out(1, 1, "etatNormal");
0x0575	0x3001      	MOVLW      1
0x0576	0x1683      	BSF        STATUS, 5
0x0577	0x00EA      	MOVWF      FARG_Lcd_Out_row
0x0578	0x3001      	MOVLW      1
0x0579	0x00EB      	MOVWF      FARG_Lcd_Out_column
0x057A	0x30A9      	MOVLW      ?lstr9_seance2
0x057B	0x00EC      	MOVWF      FARG_Lcd_Out_text
0x057C	0x2142      	CALL       _Lcd_Out
;seance2.c,148 :: 		Lcd_Out(2, 1, "modeJour");
0x057D	0x3002      	MOVLW      2
0x057E	0x00EA      	MOVWF      FARG_Lcd_Out_row
0x057F	0x3001      	MOVLW      1
0x0580	0x00EB      	MOVWF      FARG_Lcd_Out_column
0x0581	0x30A0      	MOVLW      ?lstr10_seance2
0x0582	0x00EC      	MOVWF      FARG_Lcd_Out_text
0x0583	0x2142      	CALL       _Lcd_Out
;seance2.c,149 :: 		}
L_main18:
L_main15:
0x0584	0x1303      	BCF        STATUS, 6
;seance2.c,150 :: 		if(buttonConsult){
0x0585	0x1283      	BCF        STATUS, 5
0x0586	0x1D05      	BTFSS      RA2_bit, BitPos(RA2_bit+0)
0x0587	0x2DA9      	GOTO       L_main19
;seance2.c,151 :: 		read=EEPROM_Read(0x02);
0x0588	0x3002      	MOVLW      2
0x0589	0x1683      	BSF        STATUS, 5
0x058A	0x00E1      	MOVWF      FARG_EEPROM_Read_Address
0x058B	0x2239      	CALL       _EEPROM_Read
0x058C	0x0870      	MOVF       R0, 0
0x058D	0x1683      	BSF        STATUS, 5
0x058E	0x1303      	BCF        STATUS, 6
0x058F	0x00D3      	MOVWF      _read
0x0590	0x01D4      	CLRF       _read+1
;seance2.c,152 :: 		IntToStr(read,mm);
0x0591	0x0853      	MOVF       _read, 0
0x0592	0x00E1      	MOVWF      FARG_IntToStr_input
0x0593	0x0854      	MOVF       _read+1, 0
0x0594	0x00E2      	MOVWF      FARG_IntToStr_input+1
0x0595	0x1283      	BCF        STATUS, 5
0x0596	0x086F      	MOVF       _mm, 0
0x0597	0x1683      	BSF        STATUS, 5
0x0598	0x00E3      	MOVWF      FARG_IntToStr_output
0x0599	0x2246      	CALL       _IntToStr
;seance2.c,153 :: 		Lcd_Cmd(_LCD_CLEAR);
0x059A	0x3001      	MOVLW      1
0x059B	0x1283      	BCF        STATUS, 5
0x059C	0x1703      	BSF        STATUS, 6
0x059D	0x0090      	MOVWF      FARG_Lcd_Cmd_out_char
0x059E	0x2063      	CALL       _Lcd_Cmd
;seance2.c,154 :: 		Lcd_Out(1, 1, mm);
0x059F	0x3001      	MOVLW      1
0x05A0	0x1683      	BSF        STATUS, 5
0x05A1	0x00EA      	MOVWF      FARG_Lcd_Out_row
0x05A2	0x3001      	MOVLW      1
0x05A3	0x00EB      	MOVWF      FARG_Lcd_Out_column
0x05A4	0x1283      	BCF        STATUS, 5
0x05A5	0x086F      	MOVF       _mm, 0
0x05A6	0x1683      	BSF        STATUS, 5
0x05A7	0x00EC      	MOVWF      FARG_Lcd_Out_text
0x05A8	0x2142      	CALL       _Lcd_Out
;seance2.c,155 :: 		}
L_main19:
;seance2.c,156 :: 		};
0x05A9	0x2CAB      	GOTO       L_main8
;seance2.c,157 :: 		}
L_end_main:
0x05AA	0x2DAA      	GOTO       $+0
; end of _main
0x062E	0x3022      	MOVLW      34
0x062F	0x0084      	MOVWF      FSR
0x0630	0x304A      	MOVLW      74
0x0631	0x1283      	BCF        STATUS, 5
0x0632	0x1303      	BCF        STATUS, 6
0x0633	0x00F0      	MOVWF      R0
0x0634	0x30B0      	MOVLW      176
0x0635	0x1683      	BSF        STATUS, 5
0x0636	0x00D1      	MOVWF      ___DoICPAddr
0x0637	0x3005      	MOVLW      5
0x0638	0x00D2      	MOVWF      210
0x0639	0x2455      	CALL       1109
0x063A	0x30A0      	MOVLW      160
0x063B	0x0084      	MOVWF      FSR
0x063C	0x3009      	MOVLW      9
0x063D	0x1283      	BCF        STATUS, 5
0x063E	0x00F0      	MOVWF      R0
0x063F	0x3020      	MOVLW      32
0x0640	0x1683      	BSF        STATUS, 5
0x0641	0x00D1      	MOVWF      ___DoICPAddr
0x0642	0x3006      	MOVLW      6
0x0643	0x00D2      	MOVWF      210
0x0644	0x2455      	CALL       1109
0x0645	0x306C      	MOVLW      108
0x0646	0x0084      	MOVWF      FSR
0x0647	0x3001      	MOVLW      1
0x0648	0x1283      	BCF        STATUS, 5
0x0649	0x00F0      	MOVWF      R0
0x064A	0x3003      	MOVLW      3
0x064B	0x1683      	BSF        STATUS, 5
0x064C	0x00D1      	MOVWF      ___DoICPAddr
0x064D	0x3000      	MOVLW      0
0x064E	0x00D2      	MOVWF      210
0x064F	0x2455      	CALL       1109
0x0650	0x30A9      	MOVLW      169
0x0651	0x0084      	MOVWF      FSR
0x0652	0x3026      	MOVLW      38
0x0653	0x1283      	BCF        STATUS, 5
0x0654	0x00F0      	MOVWF      R0
0x0655	0x30FA      	MOVLW      250
0x0656	0x1683      	BSF        STATUS, 5
0x0657	0x00D1      	MOVWF      ___DoICPAddr
0x0658	0x3005      	MOVLW      5
0x0659	0x00D2      	MOVWF      210
0x065A	0x2455      	CALL       1109
0x065B	0x306D      	MOVLW      109
0x065C	0x0084      	MOVWF      FSR
0x065D	0x3002      	MOVLW      2
0x065E	0x1283      	BCF        STATUS, 5
0x065F	0x00F0      	MOVWF      R0
0x0660	0x302B      	MOVLW      43
0x0661	0x1683      	BSF        STATUS, 5
0x0662	0x00D1      	MOVWF      ___DoICPAddr
0x0663	0x3006      	MOVLW      6
0x0664	0x00D2      	MOVWF      210
0x0665	0x2455      	CALL       1109
0x0666	0x30CF      	MOVLW      207
0x0667	0x0084      	MOVWF      FSR
0x0668	0x3002      	MOVLW      2
0x0669	0x1283      	BCF        STATUS, 5
0x066A	0x00F0      	MOVWF      R0
0x066B	0x3029      	MOVLW      41
0x066C	0x1683      	BSF        STATUS, 5
0x066D	0x00D1      	MOVWF      ___DoICPAddr
0x066E	0x3006      	MOVLW      6
0x066F	0x00D2      	MOVWF      210
0x0670	0x2455      	CALL       1109
0x0671	0x0008      	RETURN
;__Lib_ADC_A_C.c,0 :: ?ICS_vref_mask
0x0003	0x340F ;?ICS_vref_mask+0
; end of ?ICS_vref_mask
;seance2.c,0 :: ?ICS?lstr2_seance2
0x05B0	0x344D ;?ICS?lstr2_seance2+0
0x05B1	0x346F ;?ICS?lstr2_seance2+1
0x05B2	0x3464 ;?ICS?lstr2_seance2+2
0x05B3	0x3465 ;?ICS?lstr2_seance2+3
0x05B4	0x3420 ;?ICS?lstr2_seance2+4
0x05B5	0x346E ;?ICS?lstr2_seance2+5
0x05B6	0x3475 ;?ICS?lstr2_seance2+6
0x05B7	0x3469 ;?ICS?lstr2_seance2+7
0x05B8	0x3474 ;?ICS?lstr2_seance2+8
0x05B9	0x3400 ;?ICS?lstr2_seance2+9
; end of ?ICS?lstr2_seance2
;seance2.c,0 :: ?ICS?lstr6_seance2
0x05BA	0x346D ;?ICS?lstr6_seance2+0
0x05BB	0x346F ;?ICS?lstr6_seance2+1
0x05BC	0x3464 ;?ICS?lstr6_seance2+2
0x05BD	0x3465 ;?ICS?lstr6_seance2+3
0x05BE	0x344A ;?ICS?lstr6_seance2+4
0x05BF	0x346F ;?ICS?lstr6_seance2+5
0x05C0	0x3475 ;?ICS?lstr6_seance2+6
0x05C1	0x3472 ;?ICS?lstr6_seance2+7
0x05C2	0x3400 ;?ICS?lstr6_seance2+8
; end of ?ICS?lstr6_seance2
;seance2.c,0 :: ?ICS?lstr5_seance2
0x05C3	0x3465 ;?ICS?lstr5_seance2+0
0x05C4	0x3474 ;?ICS?lstr5_seance2+1
0x05C5	0x3461 ;?ICS?lstr5_seance2+2
0x05C6	0x3474 ;?ICS?lstr5_seance2+3
0x05C7	0x344E ;?ICS?lstr5_seance2+4
0x05C8	0x346F ;?ICS?lstr5_seance2+5
0x05C9	0x3472 ;?ICS?lstr5_seance2+6
0x05CA	0x346D ;?ICS?lstr5_seance2+7
0x05CB	0x3461 ;?ICS?lstr5_seance2+8
0x05CC	0x346C ;?ICS?lstr5_seance2+9
0x05CD	0x3400 ;?ICS?lstr5_seance2+10
; end of ?ICS?lstr5_seance2
;seance2.c,0 :: ?ICS?lstr1_seance2
0x05CE	0x344E ;?ICS?lstr1_seance2+0
0x05CF	0x3469 ;?ICS?lstr1_seance2+1
0x05D0	0x3476 ;?ICS?lstr1_seance2+2
0x05D1	0x3465 ;?ICS?lstr1_seance2+3
0x05D2	0x3461 ;?ICS?lstr1_seance2+4
0x05D3	0x3475 ;?ICS?lstr1_seance2+5
0x05D4	0x3420 ;?ICS?lstr1_seance2+6
0x05D5	0x3464 ;?ICS?lstr1_seance2+7
0x05D6	0x3427 ;?ICS?lstr1_seance2+8
0x05D7	0x3465 ;?ICS?lstr1_seance2+9
0x05D8	0x3461 ;?ICS?lstr1_seance2+10
0x05D9	0x3475 ;?ICS?lstr1_seance2+11
0x05DA	0x3420 ;?ICS?lstr1_seance2+12
0x05DB	0x3462 ;?ICS?lstr1_seance2+13
0x05DC	0x3461 ;?ICS?lstr1_seance2+14
0x05DD	0x3473 ;?ICS?lstr1_seance2+15
0x05DE	0x3400 ;?ICS?lstr1_seance2+16
; end of ?ICS?lstr1_seance2
;seance2.c,0 :: ?ICS?lstr4_seance2
0x05DF	0x3464 ;?ICS?lstr4_seance2+0
0x05E0	0x3465 ;?ICS?lstr4_seance2+1
0x05E1	0x3420 ;?ICS?lstr4_seance2+2
0x05E2	0x346E ;?ICS?lstr4_seance2+3
0x05E3	0x346F ;?ICS?lstr4_seance2+4
0x05E4	0x3475 ;?ICS?lstr4_seance2+5
0x05E5	0x3472 ;?ICS?lstr4_seance2+6
0x05E6	0x3472 ;?ICS?lstr4_seance2+7
0x05E7	0x3469 ;?ICS?lstr4_seance2+8
0x05E8	0x3474 ;?ICS?lstr4_seance2+9
0x05E9	0x3475 ;?ICS?lstr4_seance2+10
0x05EA	0x3472 ;?ICS?lstr4_seance2+11
0x05EB	0x3465 ;?ICS?lstr4_seance2+12
0x05EC	0x3400 ;?ICS?lstr4_seance2+13
; end of ?ICS?lstr4_seance2
;seance2.c,0 :: ?ICS?lstr3_seance2
0x05ED	0x3444 ;?ICS?lstr3_seance2+0
0x05EE	0x3469 ;?ICS?lstr3_seance2+1
0x05EF	0x3473 ;?ICS?lstr3_seance2+2
0x05F0	0x3474 ;?ICS?lstr3_seance2+3
0x05F1	0x3472 ;?ICS?lstr3_seance2+4
0x05F2	0x3469 ;?ICS?lstr3_seance2+5
0x05F3	0x3462 ;?ICS?lstr3_seance2+6
0x05F4	0x3475 ;?ICS?lstr3_seance2+7
0x05F5	0x3474 ;?ICS?lstr3_seance2+8
0x05F6	0x3469 ;?ICS?lstr3_seance2+9
0x05F7	0x346F ;?ICS?lstr3_seance2+10
0x05F8	0x346E ;?ICS?lstr3_seance2+11
0x05F9	0x3400 ;?ICS?lstr3_seance2+12
; end of ?ICS?lstr3_seance2
;seance2.c,0 :: ?ICS?lstr9_seance2
0x05FA	0x3465 ;?ICS?lstr9_seance2+0
0x05FB	0x3474 ;?ICS?lstr9_seance2+1
0x05FC	0x3461 ;?ICS?lstr9_seance2+2
0x05FD	0x3474 ;?ICS?lstr9_seance2+3
0x05FE	0x344E ;?ICS?lstr9_seance2+4
0x05FF	0x346F ;?ICS?lstr9_seance2+5
0x0600	0x3472 ;?ICS?lstr9_seance2+6
0x0601	0x346D ;?ICS?lstr9_seance2+7
0x0602	0x3461 ;?ICS?lstr9_seance2+8
0x0603	0x346C ;?ICS?lstr9_seance2+9
0x0604	0x3400 ;?ICS?lstr9_seance2+10
; end of ?ICS?lstr9_seance2
;seance2.c,0 :: ?ICS?lstr8_seance2
0x0605	0x3471 ;?ICS?lstr8_seance2+0
0x0606	0x3475 ;?ICS?lstr8_seance2+1
0x0607	0x3461 ;?ICS?lstr8_seance2+2
0x0608	0x346C ;?ICS?lstr8_seance2+3
0x0609	0x3469 ;?ICS?lstr8_seance2+4
0x060A	0x3474 ;?ICS?lstr8_seance2+5
0x060B	0x3479 ;?ICS?lstr8_seance2+6
0x060C	0x3420 ;?ICS?lstr8_seance2+7
0x060D	0x346C ;?ICS?lstr8_seance2+8
0x060E	0x346F ;?ICS?lstr8_seance2+9
0x060F	0x3477 ;?ICS?lstr8_seance2+10
0x0610	0x3400 ;?ICS?lstr8_seance2+11
; end of ?ICS?lstr8_seance2
;seance2.c,0 :: ?ICS?lstr7_seance2
0x0611	0x3454 ;?ICS?lstr7_seance2+0
0x0612	0x3465 ;?ICS?lstr7_seance2+1
0x0613	0x346D ;?ICS?lstr7_seance2+2
0x0614	0x3470 ;?ICS?lstr7_seance2+3
0x0615	0x3420 ;?ICS?lstr7_seance2+4
0x0616	0x3443 ;?ICS?lstr7_seance2+5
0x0617	0x3472 ;?ICS?lstr7_seance2+6
0x0618	0x3469 ;?ICS?lstr7_seance2+7
0x0619	0x3474 ;?ICS?lstr7_seance2+8
0x061A	0x3469 ;?ICS?lstr7_seance2+9
0x061B	0x3463 ;?ICS?lstr7_seance2+10
0x061C	0x3461 ;?ICS?lstr7_seance2+11
0x061D	0x346C ;?ICS?lstr7_seance2+12
0x061E	0x3421 ;?ICS?lstr7_seance2+13
0x061F	0x3400 ;?ICS?lstr7_seance2+14
; end of ?ICS?lstr7_seance2
;seance2.c,0 :: ?ICS?lstr10_seance2
0x0620	0x346D ;?ICS?lstr10_seance2+0
0x0621	0x346F ;?ICS?lstr10_seance2+1
0x0622	0x3464 ;?ICS?lstr10_seance2+2
0x0623	0x3465 ;?ICS?lstr10_seance2+3
0x0624	0x344A ;?ICS?lstr10_seance2+4
0x0625	0x346F ;?ICS?lstr10_seance2+5
0x0626	0x3475 ;?ICS?lstr10_seance2+6
0x0627	0x3472 ;?ICS?lstr10_seance2+7
0x0628	0x3400 ;?ICS?lstr10_seance2+8
; end of ?ICS?lstr10_seance2
;seance2.c,0 :: ?ICS_NB
0x0629	0x34B7 ;?ICS_NB+0
0x062A	0x3400 ;?ICS_NB+1
; end of ?ICS_NB
;seance2.c,0 :: ?ICS_ii
0x062B	0x3400 ;?ICS_ii+0
0x062C	0x3400 ;?ICS_ii+1
; end of ?ICS_ii
Symbol List:
//** Routines locations **
//ADDRESS    SIZE    PROCEDURE
//----------------------------------------------
0x0004      [72]    _interrupt
0x004C       [3]    _Delay_1us
0x004F       [7]    _Delay_50us
0x0056      [13]    _Delay_5500us
0x0063      [94]    _Lcd_Cmd
0x00C1       [7]    _RES032
0x00C8      [12]    _SETFUN32
0x00D4       [4]    _FIXSIGN32
0x00D8      [29]    _Div_16X16_U
0x00F5      [11]    _Lcd_Chr_CP
0x0100      [66]    _WordToStr
0x0142      [67]    _Lcd_Out
0x0185      [12]    _SETFOV32
0x0191       [7]    _____DoICP
0x0198      [13]    _SETIOV3224
0x01A5       [8]    _Delay_22us
0x01AD      [47]    _NRM3232
0x01DC      [93]    _double2int
0x0239      [13]    _EEPROM_Read
0x0246     [106]    _IntToStr
0x02B0      [31]    _waterLevel
0x02CF      [35]    _EEPROM_Write
0x02F2      [97]    _Mul_32x32_FP
0x0353      [31]    _lumiere
0x0372      [40]    _ADC_Read
0x039A      [79]    _Lcd_Init
0x03E9      [23]    _ADC_Init
0x0400      [85]    _food
0x0455      [12]    ___CC2DW
0x0461      [22]    _word2double
0x0477     [307]    _main
//** Variables locations ** 
//ADDRESS    SIZE    VARIABLE
//----------------------------------------------
0x0000       [1]    INDF
0x0001       [1]    TMR0
0x0002       [1]    PCL
0x0003       [1]    STATUS
0x0004       [1]    FSR
0x0005       [0]    buttonConsult
0x0005       [0]    RA2_bit
0x0006       [0]    foodMotor
0x0006       [0]    buzzer
0x0006       [0]    heater
0x0006       [0]    RB3_bit
0x0006       [0]    niveau
0x0006       [0]    RB5_bit
0x0006       [0]    RB6_bit
0x0006       [0]    lumin
0x0006       [0]    RB2_bit
0x0006       [0]    RB1_bit
0x0007       [0]    RC6_bit
0x0007       [0]    RC7_bit
0x0007       [0]    RC5_bit
0x0007       [0]    RC4_bit
0x0007       [0]    RC3_bit
0x0007       [0]    lamp1
0x0007       [0]    lamp2
0x0007       [0]    redLED
0x0007       [0]    greenLED
0x0007       [0]    blueLED
0x0008       [0]    RD4_bit
0x0008       [0]    LCD_RS
0x0008       [0]    RD2_bit
0x0008       [0]    RD3_bit
0x0008       [0]    RD5_bit
0x0008       [0]    LCD_D4
0x0008       [0]    RD7_bit
0x0008       [0]    LCD_EN
0x0008       [0]    RD6_bit
0x0008       [0]    LCD_D5
0x0008       [0]    LCD_D7
0x0008       [0]    LCD_D6
0x000A       [1]    PCLATH
0x000B       [1]    INTCON
0x001E       [1]    ADRESH
0x001F       [1]    ADCON0
0x0020       [1]    __math_tempbD
0x0022      [10]    ?lstr2_seance2
0x002C       [9]    ?lstr6_seance2
0x0035      [11]    ?lstr5_seance2
0x0040      [17]    ?lstr1_seance2
0x0051      [14]    ?lstr4_seance2
0x005F      [13]    ?lstr3_seance2
0x006C       [1]    _vref_mask
0x006D       [2]    _ii
0x006F       [1]    _mm
0x0070       [1]    R0
0x0071       [1]    R1
0x0072       [1]    R2
0x0073       [1]    R3
0x0074       [1]    R4
0x0075       [1]    R5
0x0076       [1]    R6
0x0077       [1]    R7
0x0078       [1]    R8
0x0079       [1]    R9
0x007A       [1]    R10
0x007B       [1]    R11
0x007C       [1]    R12
0x007D       [1]    R13
0x007E       [1]    R14
0x007F       [1]    R15
0x0081       [1]    OPTION_REG
0x0086       [1]    TRISB
0x0087       [1]    TRISC
0x0088       [0]    LCD_D5_Direction
0x0088       [0]    TRISD5_bit
0x0088       [0]    TRISD4_bit
0x0088       [0]    LCD_D6_Direction
0x0088       [0]    TRISD3_bit
0x0088       [0]    LCD_EN_Direction
0x0088       [0]    LCD_RS_Direction
0x0088       [0]    TRISD7_bit
0x0088       [0]    TRISD6_bit
0x0088       [0]    LCD_D4_Direction
0x0088       [0]    LCD_D7_Direction
0x0088       [0]    TRISD2_bit
0x009E       [1]    ADRESL
0x009F       [1]    ADCON1
0x00A0       [9]    ?lstr10_seance2
0x00A9      [11]    ?lstr9_seance2
0x00B4      [12]    ?lstr8_seance2
0x00C0      [15]    ?lstr7_seance2
0x00CF       [2]    _NB
0x00D1       [2]    ___DoICPAddr
0x00D3       [2]    _read
0x00D5       [0]    __Lib_Lcd_cmd_status
0x00D6       [3]    _ADC_Get_Sample_Ptr
0x00D9       [2]    _m
0x00DB       [1]    ___savePCLATH
0x00DC       [1]    ___saveSTATUS
0x00DD       [2]    main_quality_L0
0x00DF       [2]    main_tempC_L0
0x00E1       [1]    FARG_ADC_Read_channel
0x00E1       [2]    FARG_IntToStr_input
0x00E1       [2]    food_i_L0
0x00E1       [1]    FARG_EEPROM_Read_Address
0x00E1       [1]    FARG_EEPROM_Write_Address
0x00E2       [1]    FARG_EEPROM_Write_data_
0x00E3       [1]    FARG_IntToStr_output
0x00E4       [2]    IntToStr_i_L0
0x00E6       [2]    IntToStr_negative_L0
0x00E8       [2]    IntToStr_inword_L0
0x00EA       [2]    FARG_WordToStr_input
0x00EA       [1]    FARG_Lcd_Out_row
0x00EB       [1]    FARG_Lcd_Out_column
0x00EC       [1]    FARG_Lcd_Out_text
0x00EC       [1]    FARG_WordToStr_output
0x00ED       [1]    Lcd_Out_i_L0
0x00ED       [1]    WordToStr_len_L0
0x00EE       [1]    FLOC__WordToStr
0x00EF       [1]    FARG_Lcd_Chr_CP_out_char
0x010C       [1]    EEDATA
0x010D       [1]    EEADR
0x0110       [1]    FARG_Lcd_Cmd_out_char
0x018C       [1]    EECON1
0x018D       [1]    EECON2
//** Constants locations ** 
//ADDRESS    SIZE    CONSTANT
//----------------------------------------------
0x0003       [1]    ?ICS_vref_mask
0x05B0      [10]    ?ICS?lstr2_seance2
0x05BA       [9]    ?ICS?lstr6_seance2
0x05C3      [11]    ?ICS?lstr5_seance2
0x05CE      [17]    ?ICS?lstr1_seance2
0x05DF      [14]    ?ICS?lstr4_seance2
0x05ED      [13]    ?ICS?lstr3_seance2
0x05FA      [11]    ?ICS?lstr9_seance2
0x0605      [12]    ?ICS?lstr8_seance2
0x0611      [15]    ?ICS?lstr7_seance2
0x0620       [9]    ?ICS?lstr10_seance2
0x0629       [2]    ?ICS_NB
0x062B       [2]    ?ICS_ii
